#
# A fatal error has been detected by the Java Runtime Environment:
#
#  SIGSEGV (0xb) at pc=0x0000000110d77084, pid=1676, tid=8451
#
# JRE version: Java(TM) SE Runtime Environment 18.9 (11.0.20+9) (build 11.0.20+9-LTS-256)
# Java VM: Java HotSpot(TM) 64-Bit Server VM 18.9 (11.0.20+9-LTS-256, mixed mode, tiered, compressed oops, g1 gc, bsd-amd64)
# Problematic frame:
# V  [libjvm.dylib+0x75e084]  EnableIf<HasDecorator<1097844ull, MO_UNORDERED>::value, oopDesc*>::type RawAccessBarrier<1097844ull>::load_internal<1097844ull, oopDesc*>(void*)+0x4
#
# No core dump will be written. Core dumps have been disabled. To enable core dumping, try "ulimit -c unlimited" before starting Java again
#
# If you would like to submit a bug report, please visit:
#   https://bugreport.java.com/bugreport/crash.jsp
#

---------------  S U M M A R Y ------------

Command Line: -Dfile.encoding=UTF-8 oracle.jdbc.driver.JavaToJavaConverter$156

Host: MacBookPro16,1 x86_64 2600 MHz, 12 cores, 16G, Darwin 22.6.0
Time: Mon Oct  9 09:58:41 2023 KST elapsed time: 0.148860 seconds (0d 0h 0m 0s)

---------------  T H R E A D  ---------------

Current thread (0x00007fac2400d800):  JavaThread "main" [_thread_in_vm, id=8451, stack(0x00007000073ab000,0x00007000074ab000)]

Stack: [0x00007000073ab000,0x00007000074ab000],  sp=0x00007000074aad90,  free space=1023k
Native frames: (J=compiled Java code, j=interpreted, Vv=VM code, C=native code)
V  [libjvm.dylib+0x75e084]  EnableIf<HasDecorator<1097844ull, MO_UNORDERED>::value, oopDesc*>::type RawAccessBarrier<1097844ull>::load_internal<1097844ull, oopDesc*>(void*)+0x4
V  [libjvm.dylib+0x75e069]  oopDesc* RawAccessBarrier<1097844ull>::load<oopDesc*>(void*)+0x9
V  [libjvm.dylib+0x75e049]  oopDesc* RawAccessBarrier<1097844ull>::oop_load<oopDesc*>(void*)+0x9
V  [libjvm.dylib+0x75e0e9]  oopDesc* BarrierSet::AccessBarrier<1097844ull, G1BarrierSet>::oop_load_not_in_heap<oopDesc*>(oopDesc**)+0x9
V  [libjvm.dylib+0x75e0bb]  oopDesc* G1BarrierSet::AccessBarrier<1097844ull, G1BarrierSet>::oop_load_not_in_heap<oopDesc*>(oopDesc**)+0xb
V  [libjvm.dylib+0x75e019]  AccessInternal::PostRuntimeDispatch<G1BarrierSet::AccessBarrier<1097844ull, G1BarrierSet>, (AccessInternal::BarrierType)2, 1097844ull>::oop_access_barrier(void*)+0x9
V  [libjvm.dylib+0x3e5892]  jni_GetStringUTFChars+0xe4
C  [libjli.dylib+0x8304]  PostJVMInit+0xa6
C  [libjli.dylib+0x5dbd]  JavaMain+0xa39
C  [libjli.dylib+0x7fbe]  ThreadJavaMain+0x9
C  [libsystem_pthread.dylib+0x61d3]  _pthread_start+0x7d
C  [libsystem_pthread.dylib+0x1bd3]  thread_start+0xf


siginfo: si_signo: 11 (SIGSEGV), si_code: 1 (SEGV_MAPERR), si_addr: 0x0000000000000000

Register to memory mapping:

RAX=0x0 is NULL
RBX=0x0 is NULL
RCX=0x0000000110f60101: _ZZL9get_entryPK16NetworkInterfaceE11saved_index+0x1 in /Library/Java/JavaVirtualMachines/jdk-11.jdk/Contents/Home/lib/server/libjvm.dylib at 0x0000000110619000
RDX=0x0 is NULL
RSP=0x00007000074aad90 is pointing into the stack for thread: 0x00007fac2400d800
RBP=0x00007000074aad90 is pointing into the stack for thread: 0x00007fac2400d800
RSI=0x0 is NULL
RDI=0x0 is NULL
R8 =0x0000000127b223b6 points into unknown readable memory: 20 20
R9 =0x0 is NULL
R10=0x0000000110fbd540: _ZN19TemplateInterpreter13_active_tableE+0x4800 in /Library/Java/JavaVirtualMachines/jdk-11.jdk/Contents/Home/lib/server/libjvm.dylib at 0x0000000110619000
R11=0x0000000132aadb00 is pointing into metadata
R12=0x00007fac2400db48 points into unknown readable memory: 0x0000000110f60180 | 80 01 f6 10 01 00 00 00
R13=0x0 is NULL
R14=0x00007fac2400d800 is a thread
R15=0x0 is NULL


Registers:
RAX=0x0000000000000000, RBX=0x0000000000000000, RCX=0x0000000110f60101, RDX=0x0000000000000000
RSP=0x00007000074aad90, RBP=0x00007000074aad90, RSI=0x0000000000000000, RDI=0x0000000000000000
R8 =0x0000000127b223b6, R9 =0x0000000000000000, R10=0x0000000110fbd540, R11=0x0000000132aadb00
R12=0x00007fac2400db48, R13=0x0000000000000000, R14=0x00007fac2400d800, R15=0x0000000000000000
RIP=0x0000000110d77084, EFLAGS=0x0000000000010246, ERR=0x0000000000000004
  TRAPNO=0x000000000000000e

Top of Stack: (sp=0x00007000074aad90)
0x00007000074aad90:   00007000074aada0 0000000110d77069
0x00007000074aada0:   00007000074aadb0 0000000110d77049
0x00007000074aadb0:   00007000074aadc0 0000000110d770e9
0x00007000074aadc0:   00007000074aade0 0000000110d770bb
0x00007000074aadd0:   0000000000000000 0000000000000000
0x00007000074aade0:   00007000074aadf0 0000000110d77019
0x00007000074aadf0:   00007000074aae80 00000001109fe892
0x00007000074aae00:   00007000074aae20 0000000110d7453f
0x00007000074aae10:   0000000000000000 00007fac2400db48
0x00007000074aae20:   00007000074aae30 00007fac2400d800
0x00007000074aae30:   0000000000000000 0000000110d88343
0x00007000074aae40:   00007000074aae50 00007fac2400d800
0x00007000074aae50:   00007000074aae80 00007fac2400db48
0x00007000074aae60:   00007fac22205140 0000000000000000
0x00007000074aae70:   0000000000000000 00007fac22205148
0x00007000074aae80:   00007000074aaf10 000000010f836304
0x00007000074aae90:   00007000074aaeb0 0000000110d7453f
0x00007000074aaea0:   0000600002214180 0000000000000000
0x00007000074aaeb0:   00007000074aaec0 0000000110d744cc
0x00007000074aaec0:   00007000074aaed0 0000000110d88343
0x00007000074aaed0:   00007000074aaee0 0000000110d73e29
0x00007000074aaee0:   00007000074aaf10 1853abd9ac48009d
0x00007000074aaef0:   00007fac2400db48 00007fac22205140
0x00007000074aaf00:   00007fac22205158 00007fac22205148
0x00007000074aaf10:   00007000074aafa0 000000010f833dbd
0x00007000074aaf20:   0000000000000000 0006073e175fa3a4
0x00007000074aaf30:   0000000400010002 0000600002214000
0x00007000074aaf40:   0000000000000000 0000000000000000
0x00007000074aaf50:   0000600003904268 0000000000000001
0x00007000074aaf60:   000060000391c030 00007fac2400db48
0x00007000074aaf70:   0000000110f60178 00007000074ab000
0x00007000074aaf80:   0000000000000000 0000000000000000 

Instructions: (pc=0x0000000110d77084)
0x0000000110d77064:   e8 17 00 00 00 5d c3 0f 1f 44 00 00 55 48 89 e5
0x0000000110d77074:   e8 17 00 00 00 5d c3 0f 1f 44 00 00 55 48 89 e5
0x0000000110d77084:   48 8b 07 5d c3 0f 1f 80 00 00 00 00 55 48 89 e5
0x0000000110d77094:   48 89 f8 5d c3 0f 1f 80 00 00 00 00 55 48 89 e5 

Stack slot to memory mapping:
stack at sp + 0 slots: 0x00007000074aada0 is pointing into the stack for thread: 0x00007fac2400d800
stack at sp + 1 slots: 0x0000000110d77069: _ZN16RawAccessBarrierILy1097844EE4loadIP7oopDescEET_Pv+0x9 in /Library/Java/JavaVirtualMachines/jdk-11.jdk/Contents/Home/lib/server/libjvm.dylib at 0x0000000110619000
stack at sp + 2 slots: 0x00007000074aadb0 is pointing into the stack for thread: 0x00007fac2400d800
stack at sp + 3 slots: 0x0000000110d77049: _ZN16RawAccessBarrierILy1097844EE8oop_loadIP7oopDescEET_Pv+0x9 in /Library/Java/JavaVirtualMachines/jdk-11.jdk/Contents/Home/lib/server/libjvm.dylib at 0x0000000110619000
stack at sp + 4 slots: 0x00007000074aadc0 is pointing into the stack for thread: 0x00007fac2400d800
stack at sp + 5 slots: 0x0000000110d770e9: _ZN10BarrierSet13AccessBarrierILy1097844E12G1BarrierSetE20oop_load_not_in_heapIP7oopDescEES5_PT_+0x9 in /Library/Java/JavaVirtualMachines/jdk-11.jdk/Contents/Home/lib/server/libjvm.dylib at 0x0000000110619000
stack at sp + 6 slots: 0x00007000074aade0 is pointing into the stack for thread: 0x00007fac2400d800
stack at sp + 7 slots: 0x0000000110d770bb: _ZN12G1BarrierSet13AccessBarrierILy1097844ES_E20oop_load_not_in_heapIP7oopDescEES4_PT_+0xb in /Library/Java/JavaVirtualMachines/jdk-11.jdk/Contents/Home/lib/server/libjvm.dylib at 0x0000000110619000


---------------  P R O C E S S  ---------------

Threads class SMR info:
_java_thread_list=0x00006000037049e0, length=9, elements={
0x00007fac2400d800, 0x00007fac2281c800, 0x00007fac22821800, 0x00007fac240ce000,
0x00007fac2980a800, 0x00007fac2980b800, 0x00007fac28817000, 0x00007fac2300f000,
0x00007fac2285d800
}

Java Threads: ( => current thread )
=>0x00007fac2400d800 JavaThread "main" [_thread_in_vm, id=8451, stack(0x00007000073ab000,0x00007000074ab000)]
  0x00007fac2281c800 JavaThread "Reference Handler" daemon [_thread_blocked, id=21251, stack(0x0000700007ac0000,0x0000700007bc0000)]
  0x00007fac22821800 JavaThread "Finalizer" daemon [_thread_blocked, id=20739, stack(0x0000700007bc3000,0x0000700007cc3000)]
  0x00007fac240ce000 JavaThread "Signal Dispatcher" daemon [_thread_blocked, id=21763, stack(0x0000700007dcc000,0x0000700007ecc000)]
  0x00007fac2980a800 JavaThread "Service Thread" daemon [_thread_blocked, id=32515, stack(0x0000700007ecf000,0x0000700007fcf000)]
  0x00007fac2980b800 JavaThread "C2 CompilerThread0" daemon [_thread_blocked, id=23043, stack(0x0000700007fd2000,0x00007000080d2000)]
  0x00007fac28817000 JavaThread "C1 CompilerThread0" daemon [_thread_blocked, id=23555, stack(0x00007000080d5000,0x00007000081d5000)]
  0x00007fac2300f000 JavaThread "Sweeper thread" daemon [_thread_blocked, id=31747, stack(0x00007000081d8000,0x00007000082d8000)]
  0x00007fac2285d800 JavaThread "Common-Cleaner" daemon [_thread_blocked, id=31235, stack(0x00007000083de000,0x00007000084de000)]

Other Threads:
  0x00007fac240d0000 VMThread "VM Thread" [stack: 0x00007000079bd000,0x0000700007abd000] [id=16643]
  0x00007fac22822800 WatcherThread [stack: 0x00007000082db000,0x00007000083db000] [id=24323]
  0x00007fac2580c000 GCTaskThread "GC Thread#0" [stack: 0x00007000074ae000,0x00007000075ae000] [id=11523]
  0x00007fac2703d800 ConcurrentGCThread "G1 Main Marker" [stack: 0x00007000075b1000,0x00007000076b1000] [id=12035]
  0x00007fac2703e000 ConcurrentGCThread "G1 Conc#0" [stack: 0x00007000076b4000,0x00007000077b4000] [id=12547]
  0x00007fac24095800 ConcurrentGCThread "G1 Refine#0" [stack: 0x00007000077b7000,0x00007000078b7000] [id=14339]
  0x00007fac24096800 ConcurrentGCThread "G1 Young RemSet Sampling" [stack: 0x00007000078ba000,0x00007000079ba000] [id=14083]

Threads with active compile tasks:

VM state:not at safepoint (normal execution)

VM Mutex/Monitor currently owned by a thread: None

Heap address: 0x0000000700000000, size: 4096 MB, Compressed Oops mode: Zero based, Oop shift amount: 3
Narrow klass base: 0x0000000800000000, Narrow klass shift: 0
Compressed class space size: 1073741824 Address: 0x0000000800000000

Heap:
 garbage-first heap   total 262144K, used 2048K [0x0000000700000000, 0x0000000800000000)
  region size 1024K, 3 young (3072K), 0 survivors (0K)
 Metaspace       used 5122K, capacity 5300K, committed 5376K, reserved 1056768K
  class space    used 435K, capacity 464K, committed 512K, reserved 1048576K
Heap Regions: E=young(eden), S=young(survivor), O=old, HS=humongous(starts), HC=humongous(continues), CS=collection set, F=free, A=archive, TAMS=top-at-mark-start (previous, next)
|   0|0x0000000700000000, 0x0000000700000000, 0x0000000700100000|  0%| F|  |TAMS 0x0000000700000000, 0x0000000700000000| Untracked 
|   1|0x0000000700100000, 0x0000000700100000, 0x0000000700200000|  0%| F|  |TAMS 0x0000000700100000, 0x0000000700100000| Untracked 
|   2|0x0000000700200000, 0x0000000700200000, 0x0000000700300000|  0%| F|  |TAMS 0x0000000700200000, 0x0000000700200000| Untracked 
|   3|0x0000000700300000, 0x0000000700300000, 0x0000000700400000|  0%| F|  |TAMS 0x0000000700300000, 0x0000000700300000| Untracked 
|   4|0x0000000700400000, 0x0000000700400000, 0x0000000700500000|  0%| F|  |TAMS 0x0000000700400000, 0x0000000700400000| Untracked 
|   5|0x0000000700500000, 0x0000000700500000, 0x0000000700600000|  0%| F|  |TAMS 0x0000000700500000, 0x0000000700500000| Untracked 
|   6|0x0000000700600000, 0x0000000700600000, 0x0000000700700000|  0%| F|  |TAMS 0x0000000700600000, 0x0000000700600000| Untracked 
|   7|0x0000000700700000, 0x0000000700700000, 0x0000000700800000|  0%| F|  |TAMS 0x0000000700700000, 0x0000000700700000| Untracked 
|   8|0x0000000700800000, 0x0000000700800000, 0x0000000700900000|  0%| F|  |TAMS 0x0000000700800000, 0x0000000700800000| Untracked 
|   9|0x0000000700900000, 0x0000000700900000, 0x0000000700a00000|  0%| F|  |TAMS 0x0000000700900000, 0x0000000700900000| Untracked 
|  10|0x0000000700a00000, 0x0000000700a00000, 0x0000000700b00000|  0%| F|  |TAMS 0x0000000700a00000, 0x0000000700a00000| Untracked 
|  11|0x0000000700b00000, 0x0000000700b00000, 0x0000000700c00000|  0%| F|  |TAMS 0x0000000700b00000, 0x0000000700b00000| Untracked 
|  12|0x0000000700c00000, 0x0000000700c00000, 0x0000000700d00000|  0%| F|  |TAMS 0x0000000700c00000, 0x0000000700c00000| Untracked 
|  13|0x0000000700d00000, 0x0000000700d00000, 0x0000000700e00000|  0%| F|  |TAMS 0x0000000700d00000, 0x0000000700d00000| Untracked 
|  14|0x0000000700e00000, 0x0000000700e00000, 0x0000000700f00000|  0%| F|  |TAMS 0x0000000700e00000, 0x0000000700e00000| Untracked 
|  15|0x0000000700f00000, 0x0000000700f00000, 0x0000000701000000|  0%| F|  |TAMS 0x0000000700f00000, 0x0000000700f00000| Untracked 
|  16|0x0000000701000000, 0x0000000701000000, 0x0000000701100000|  0%| F|  |TAMS 0x0000000701000000, 0x0000000701000000| Untracked 
|  17|0x0000000701100000, 0x0000000701100000, 0x0000000701200000|  0%| F|  |TAMS 0x0000000701100000, 0x0000000701100000| Untracked 
|  18|0x0000000701200000, 0x0000000701200000, 0x0000000701300000|  0%| F|  |TAMS 0x0000000701200000, 0x0000000701200000| Untracked 
|  19|0x0000000701300000, 0x0000000701300000, 0x0000000701400000|  0%| F|  |TAMS 0x0000000701300000, 0x0000000701300000| Untracked 
|  20|0x0000000701400000, 0x0000000701400000, 0x0000000701500000|  0%| F|  |TAMS 0x0000000701400000, 0x0000000701400000| Untracked 
|  21|0x0000000701500000, 0x0000000701500000, 0x0000000701600000|  0%| F|  |TAMS 0x0000000701500000, 0x0000000701500000| Untracked 
|  22|0x0000000701600000, 0x0000000701600000, 0x0000000701700000|  0%| F|  |TAMS 0x0000000701600000, 0x0000000701600000| Untracked 
|  23|0x0000000701700000, 0x0000000701700000, 0x0000000701800000|  0%| F|  |TAMS 0x0000000701700000, 0x0000000701700000| Untracked 
|  24|0x0000000701800000, 0x0000000701800000, 0x0000000701900000|  0%| F|  |TAMS 0x0000000701800000, 0x0000000701800000| Untracked 
|  25|0x0000000701900000, 0x0000000701900000, 0x0000000701a00000|  0%| F|  |TAMS 0x0000000701900000, 0x0000000701900000| Untracked 
|  26|0x0000000701a00000, 0x0000000701a00000, 0x0000000701b00000|  0%| F|  |TAMS 0x0000000701a00000, 0x0000000701a00000| Untracked 
|  27|0x0000000701b00000, 0x0000000701b00000, 0x0000000701c00000|  0%| F|  |TAMS 0x0000000701b00000, 0x0000000701b00000| Untracked 
|  28|0x0000000701c00000, 0x0000000701c00000, 0x0000000701d00000|  0%| F|  |TAMS 0x0000000701c00000, 0x0000000701c00000| Untracked 
|  29|0x0000000701d00000, 0x0000000701d00000, 0x0000000701e00000|  0%| F|  |TAMS 0x0000000701d00000, 0x0000000701d00000| Untracked 
|  30|0x0000000701e00000, 0x0000000701e00000, 0x0000000701f00000|  0%| F|  |TAMS 0x0000000701e00000, 0x0000000701e00000| Untracked 
|  31|0x0000000701f00000, 0x0000000701f00000, 0x0000000702000000|  0%| F|  |TAMS 0x0000000701f00000, 0x0000000701f00000| Untracked 
|  32|0x0000000702000000, 0x0000000702000000, 0x0000000702100000|  0%| F|  |TAMS 0x0000000702000000, 0x0000000702000000| Untracked 
|  33|0x0000000702100000, 0x0000000702100000, 0x0000000702200000|  0%| F|  |TAMS 0x0000000702100000, 0x0000000702100000| Untracked 
|  34|0x0000000702200000, 0x0000000702200000, 0x0000000702300000|  0%| F|  |TAMS 0x0000000702200000, 0x0000000702200000| Untracked 
|  35|0x0000000702300000, 0x0000000702300000, 0x0000000702400000|  0%| F|  |TAMS 0x0000000702300000, 0x0000000702300000| Untracked 
|  36|0x0000000702400000, 0x0000000702400000, 0x0000000702500000|  0%| F|  |TAMS 0x0000000702400000, 0x0000000702400000| Untracked 
|  37|0x0000000702500000, 0x0000000702500000, 0x0000000702600000|  0%| F|  |TAMS 0x0000000702500000, 0x0000000702500000| Untracked 
|  38|0x0000000702600000, 0x0000000702600000, 0x0000000702700000|  0%| F|  |TAMS 0x0000000702600000, 0x0000000702600000| Untracked 
|  39|0x0000000702700000, 0x0000000702700000, 0x0000000702800000|  0%| F|  |TAMS 0x0000000702700000, 0x0000000702700000| Untracked 
|  40|0x0000000702800000, 0x0000000702800000, 0x0000000702900000|  0%| F|  |TAMS 0x0000000702800000, 0x0000000702800000| Untracked 
|  41|0x0000000702900000, 0x0000000702900000, 0x0000000702a00000|  0%| F|  |TAMS 0x0000000702900000, 0x0000000702900000| Untracked 
|  42|0x0000000702a00000, 0x0000000702a00000, 0x0000000702b00000|  0%| F|  |TAMS 0x0000000702a00000, 0x0000000702a00000| Untracked 
|  43|0x0000000702b00000, 0x0000000702b00000, 0x0000000702c00000|  0%| F|  |TAMS 0x0000000702b00000, 0x0000000702b00000| Untracked 
|  44|0x0000000702c00000, 0x0000000702c00000, 0x0000000702d00000|  0%| F|  |TAMS 0x0000000702c00000, 0x0000000702c00000| Untracked 
|  45|0x0000000702d00000, 0x0000000702d00000, 0x0000000702e00000|  0%| F|  |TAMS 0x0000000702d00000, 0x0000000702d00000| Untracked 
|  46|0x0000000702e00000, 0x0000000702e00000, 0x0000000702f00000|  0%| F|  |TAMS 0x0000000702e00000, 0x0000000702e00000| Untracked 
|  47|0x0000000702f00000, 0x0000000702f00000, 0x0000000703000000|  0%| F|  |TAMS 0x0000000702f00000, 0x0000000702f00000| Untracked 
|  48|0x0000000703000000, 0x0000000703000000, 0x0000000703100000|  0%| F|  |TAMS 0x0000000703000000, 0x0000000703000000| Untracked 
|  49|0x0000000703100000, 0x0000000703100000, 0x0000000703200000|  0%| F|  |TAMS 0x0000000703100000, 0x0000000703100000| Untracked 
|  50|0x0000000703200000, 0x0000000703200000, 0x0000000703300000|  0%| F|  |TAMS 0x0000000703200000, 0x0000000703200000| Untracked 
|  51|0x0000000703300000, 0x0000000703300000, 0x0000000703400000|  0%| F|  |TAMS 0x0000000703300000, 0x0000000703300000| Untracked 
|  52|0x0000000703400000, 0x0000000703400000, 0x0000000703500000|  0%| F|  |TAMS 0x0000000703400000, 0x0000000703400000| Untracked 
|  53|0x0000000703500000, 0x0000000703500000, 0x0000000703600000|  0%| F|  |TAMS 0x0000000703500000, 0x0000000703500000| Untracked 
|  54|0x0000000703600000, 0x0000000703600000, 0x0000000703700000|  0%| F|  |TAMS 0x0000000703600000, 0x0000000703600000| Untracked 
|  55|0x0000000703700000, 0x0000000703700000, 0x0000000703800000|  0%| F|  |TAMS 0x0000000703700000, 0x0000000703700000| Untracked 
|  56|0x0000000703800000, 0x0000000703800000, 0x0000000703900000|  0%| F|  |TAMS 0x0000000703800000, 0x0000000703800000| Untracked 
|  57|0x0000000703900000, 0x0000000703900000, 0x0000000703a00000|  0%| F|  |TAMS 0x0000000703900000, 0x0000000703900000| Untracked 
|  58|0x0000000703a00000, 0x0000000703a00000, 0x0000000703b00000|  0%| F|  |TAMS 0x0000000703a00000, 0x0000000703a00000| Untracked 
|  59|0x0000000703b00000, 0x0000000703b00000, 0x0000000703c00000|  0%| F|  |TAMS 0x0000000703b00000, 0x0000000703b00000| Untracked 
|  60|0x0000000703c00000, 0x0000000703c00000, 0x0000000703d00000|  0%| F|  |TAMS 0x0000000703c00000, 0x0000000703c00000| Untracked 
|  61|0x0000000703d00000, 0x0000000703d00000, 0x0000000703e00000|  0%| F|  |TAMS 0x0000000703d00000, 0x0000000703d00000| Untracked 
|  62|0x0000000703e00000, 0x0000000703e00000, 0x0000000703f00000|  0%| F|  |TAMS 0x0000000703e00000, 0x0000000703e00000| Untracked 
|  63|0x0000000703f00000, 0x0000000703f00000, 0x0000000704000000|  0%| F|  |TAMS 0x0000000703f00000, 0x0000000703f00000| Untracked 
|  64|0x0000000704000000, 0x0000000704000000, 0x0000000704100000|  0%| F|  |TAMS 0x0000000704000000, 0x0000000704000000| Untracked 
|  65|0x0000000704100000, 0x0000000704100000, 0x0000000704200000|  0%| F|  |TAMS 0x0000000704100000, 0x0000000704100000| Untracked 
|  66|0x0000000704200000, 0x0000000704200000, 0x0000000704300000|  0%| F|  |TAMS 0x0000000704200000, 0x0000000704200000| Untracked 
|  67|0x0000000704300000, 0x0000000704300000, 0x0000000704400000|  0%| F|  |TAMS 0x0000000704300000, 0x0000000704300000| Untracked 
|  68|0x0000000704400000, 0x0000000704400000, 0x0000000704500000|  0%| F|  |TAMS 0x0000000704400000, 0x0000000704400000| Untracked 
|  69|0x0000000704500000, 0x0000000704500000, 0x0000000704600000|  0%| F|  |TAMS 0x0000000704500000, 0x0000000704500000| Untracked 
|  70|0x0000000704600000, 0x0000000704600000, 0x0000000704700000|  0%| F|  |TAMS 0x0000000704600000, 0x0000000704600000| Untracked 
|  71|0x0000000704700000, 0x0000000704700000, 0x0000000704800000|  0%| F|  |TAMS 0x0000000704700000, 0x0000000704700000| Untracked 
|  72|0x0000000704800000, 0x0000000704800000, 0x0000000704900000|  0%| F|  |TAMS 0x0000000704800000, 0x0000000704800000| Untracked 
|  73|0x0000000704900000, 0x0000000704900000, 0x0000000704a00000|  0%| F|  |TAMS 0x0000000704900000, 0x0000000704900000| Untracked 
|  74|0x0000000704a00000, 0x0000000704a00000, 0x0000000704b00000|  0%| F|  |TAMS 0x0000000704a00000, 0x0000000704a00000| Untracked 
|  75|0x0000000704b00000, 0x0000000704b00000, 0x0000000704c00000|  0%| F|  |TAMS 0x0000000704b00000, 0x0000000704b00000| Untracked 
|  76|0x0000000704c00000, 0x0000000704c00000, 0x0000000704d00000|  0%| F|  |TAMS 0x0000000704c00000, 0x0000000704c00000| Untracked 
|  77|0x0000000704d00000, 0x0000000704d00000, 0x0000000704e00000|  0%| F|  |TAMS 0x0000000704d00000, 0x0000000704d00000| Untracked 
|  78|0x0000000704e00000, 0x0000000704e00000, 0x0000000704f00000|  0%| F|  |TAMS 0x0000000704e00000, 0x0000000704e00000| Untracked 
|  79|0x0000000704f00000, 0x0000000704f00000, 0x0000000705000000|  0%| F|  |TAMS 0x0000000704f00000, 0x0000000704f00000| Untracked 
|  80|0x0000000705000000, 0x0000000705000000, 0x0000000705100000|  0%| F|  |TAMS 0x0000000705000000, 0x0000000705000000| Untracked 
|  81|0x0000000705100000, 0x0000000705100000, 0x0000000705200000|  0%| F|  |TAMS 0x0000000705100000, 0x0000000705100000| Untracked 
|  82|0x0000000705200000, 0x0000000705200000, 0x0000000705300000|  0%| F|  |TAMS 0x0000000705200000, 0x0000000705200000| Untracked 
|  83|0x0000000705300000, 0x0000000705300000, 0x0000000705400000|  0%| F|  |TAMS 0x0000000705300000, 0x0000000705300000| Untracked 
|  84|0x0000000705400000, 0x0000000705400000, 0x0000000705500000|  0%| F|  |TAMS 0x0000000705400000, 0x0000000705400000| Untracked 
|  85|0x0000000705500000, 0x0000000705500000, 0x0000000705600000|  0%| F|  |TAMS 0x0000000705500000, 0x0000000705500000| Untracked 
|  86|0x0000000705600000, 0x0000000705600000, 0x0000000705700000|  0%| F|  |TAMS 0x0000000705600000, 0x0000000705600000| Untracked 
|  87|0x0000000705700000, 0x0000000705700000, 0x0000000705800000|  0%| F|  |TAMS 0x0000000705700000, 0x0000000705700000| Untracked 
|  88|0x0000000705800000, 0x0000000705800000, 0x0000000705900000|  0%| F|  |TAMS 0x0000000705800000, 0x0000000705800000| Untracked 
|  89|0x0000000705900000, 0x0000000705900000, 0x0000000705a00000|  0%| F|  |TAMS 0x0000000705900000, 0x0000000705900000| Untracked 
|  90|0x0000000705a00000, 0x0000000705a00000, 0x0000000705b00000|  0%| F|  |TAMS 0x0000000705a00000, 0x0000000705a00000| Untracked 
|  91|0x0000000705b00000, 0x0000000705b00000, 0x0000000705c00000|  0%| F|  |TAMS 0x0000000705b00000, 0x0000000705b00000| Untracked 
|  92|0x0000000705c00000, 0x0000000705c00000, 0x0000000705d00000|  0%| F|  |TAMS 0x0000000705c00000, 0x0000000705c00000| Untracked 
|  93|0x0000000705d00000, 0x0000000705d00000, 0x0000000705e00000|  0%| F|  |TAMS 0x0000000705d00000, 0x0000000705d00000| Untracked 
|  94|0x0000000705e00000, 0x0000000705e00000, 0x0000000705f00000|  0%| F|  |TAMS 0x0000000705e00000, 0x0000000705e00000| Untracked 
|  95|0x0000000705f00000, 0x0000000705f00000, 0x0000000706000000|  0%| F|  |TAMS 0x0000000705f00000, 0x0000000705f00000| Untracked 
|  96|0x0000000706000000, 0x0000000706000000, 0x0000000706100000|  0%| F|  |TAMS 0x0000000706000000, 0x0000000706000000| Untracked 
|  97|0x0000000706100000, 0x0000000706100000, 0x0000000706200000|  0%| F|  |TAMS 0x0000000706100000, 0x0000000706100000| Untracked 
|  98|0x0000000706200000, 0x0000000706200000, 0x0000000706300000|  0%| F|  |TAMS 0x0000000706200000, 0x0000000706200000| Untracked 
|  99|0x0000000706300000, 0x0000000706300000, 0x0000000706400000|  0%| F|  |TAMS 0x0000000706300000, 0x0000000706300000| Untracked 
| 100|0x0000000706400000, 0x0000000706400000, 0x0000000706500000|  0%| F|  |TAMS 0x0000000706400000, 0x0000000706400000| Untracked 
| 101|0x0000000706500000, 0x0000000706500000, 0x0000000706600000|  0%| F|  |TAMS 0x0000000706500000, 0x0000000706500000| Untracked 
| 102|0x0000000706600000, 0x0000000706600000, 0x0000000706700000|  0%| F|  |TAMS 0x0000000706600000, 0x0000000706600000| Untracked 
| 103|0x0000000706700000, 0x0000000706700000, 0x0000000706800000|  0%| F|  |TAMS 0x0000000706700000, 0x0000000706700000| Untracked 
| 104|0x0000000706800000, 0x0000000706800000, 0x0000000706900000|  0%| F|  |TAMS 0x0000000706800000, 0x0000000706800000| Untracked 
| 105|0x0000000706900000, 0x0000000706900000, 0x0000000706a00000|  0%| F|  |TAMS 0x0000000706900000, 0x0000000706900000| Untracked 
| 106|0x0000000706a00000, 0x0000000706a00000, 0x0000000706b00000|  0%| F|  |TAMS 0x0000000706a00000, 0x0000000706a00000| Untracked 
| 107|0x0000000706b00000, 0x0000000706b00000, 0x0000000706c00000|  0%| F|  |TAMS 0x0000000706b00000, 0x0000000706b00000| Untracked 
| 108|0x0000000706c00000, 0x0000000706c00000, 0x0000000706d00000|  0%| F|  |TAMS 0x0000000706c00000, 0x0000000706c00000| Untracked 
| 109|0x0000000706d00000, 0x0000000706d00000, 0x0000000706e00000|  0%| F|  |TAMS 0x0000000706d00000, 0x0000000706d00000| Untracked 
| 110|0x0000000706e00000, 0x0000000706e00000, 0x0000000706f00000|  0%| F|  |TAMS 0x0000000706e00000, 0x0000000706e00000| Untracked 
| 111|0x0000000706f00000, 0x0000000706f00000, 0x0000000707000000|  0%| F|  |TAMS 0x0000000706f00000, 0x0000000706f00000| Untracked 
| 112|0x0000000707000000, 0x0000000707000000, 0x0000000707100000|  0%| F|  |TAMS 0x0000000707000000, 0x0000000707000000| Untracked 
| 113|0x0000000707100000, 0x0000000707100000, 0x0000000707200000|  0%| F|  |TAMS 0x0000000707100000, 0x0000000707100000| Untracked 
| 114|0x0000000707200000, 0x0000000707200000, 0x0000000707300000|  0%| F|  |TAMS 0x0000000707200000, 0x0000000707200000| Untracked 
| 115|0x0000000707300000, 0x0000000707300000, 0x0000000707400000|  0%| F|  |TAMS 0x0000000707300000, 0x0000000707300000| Untracked 
| 116|0x0000000707400000, 0x0000000707400000, 0x0000000707500000|  0%| F|  |TAMS 0x0000000707400000, 0x0000000707400000| Untracked 
| 117|0x0000000707500000, 0x0000000707500000, 0x0000000707600000|  0%| F|  |TAMS 0x0000000707500000, 0x0000000707500000| Untracked 
| 118|0x0000000707600000, 0x0000000707600000, 0x0000000707700000|  0%| F|  |TAMS 0x0000000707600000, 0x0000000707600000| Untracked 
| 119|0x0000000707700000, 0x0000000707700000, 0x0000000707800000|  0%| F|  |TAMS 0x0000000707700000, 0x0000000707700000| Untracked 
| 120|0x0000000707800000, 0x0000000707800000, 0x0000000707900000|  0%| F|  |TAMS 0x0000000707800000, 0x0000000707800000| Untracked 
| 121|0x0000000707900000, 0x0000000707900000, 0x0000000707a00000|  0%| F|  |TAMS 0x0000000707900000, 0x0000000707900000| Untracked 
| 122|0x0000000707a00000, 0x0000000707a00000, 0x0000000707b00000|  0%| F|  |TAMS 0x0000000707a00000, 0x0000000707a00000| Untracked 
| 123|0x0000000707b00000, 0x0000000707b00000, 0x0000000707c00000|  0%| F|  |TAMS 0x0000000707b00000, 0x0000000707b00000| Untracked 
| 124|0x0000000707c00000, 0x0000000707c00000, 0x0000000707d00000|  0%| F|  |TAMS 0x0000000707c00000, 0x0000000707c00000| Untracked 
| 125|0x0000000707d00000, 0x0000000707d00000, 0x0000000707e00000|  0%| F|  |TAMS 0x0000000707d00000, 0x0000000707d00000| Untracked 
| 126|0x0000000707e00000, 0x0000000707e00000, 0x0000000707f00000|  0%| F|  |TAMS 0x0000000707e00000, 0x0000000707e00000| Untracked 
| 127|0x0000000707f00000, 0x0000000707f00000, 0x0000000708000000|  0%| F|  |TAMS 0x0000000707f00000, 0x0000000707f00000| Untracked 
| 128|0x0000000708000000, 0x0000000708000000, 0x0000000708100000|  0%| F|  |TAMS 0x0000000708000000, 0x0000000708000000| Untracked 
| 129|0x0000000708100000, 0x0000000708100000, 0x0000000708200000|  0%| F|  |TAMS 0x0000000708100000, 0x0000000708100000| Untracked 
| 130|0x0000000708200000, 0x0000000708200000, 0x0000000708300000|  0%| F|  |TAMS 0x0000000708200000, 0x0000000708200000| Untracked 
| 131|0x0000000708300000, 0x0000000708300000, 0x0000000708400000|  0%| F|  |TAMS 0x0000000708300000, 0x0000000708300000| Untracked 
| 132|0x0000000708400000, 0x0000000708400000, 0x0000000708500000|  0%| F|  |TAMS 0x0000000708400000, 0x0000000708400000| Untracked 
| 133|0x0000000708500000, 0x0000000708500000, 0x0000000708600000|  0%| F|  |TAMS 0x0000000708500000, 0x0000000708500000| Untracked 
| 134|0x0000000708600000, 0x0000000708600000, 0x0000000708700000|  0%| F|  |TAMS 0x0000000708600000, 0x0000000708600000| Untracked 
| 135|0x0000000708700000, 0x0000000708700000, 0x0000000708800000|  0%| F|  |TAMS 0x0000000708700000, 0x0000000708700000| Untracked 
| 136|0x0000000708800000, 0x0000000708800000, 0x0000000708900000|  0%| F|  |TAMS 0x0000000708800000, 0x0000000708800000| Untracked 
| 137|0x0000000708900000, 0x0000000708900000, 0x0000000708a00000|  0%| F|  |TAMS 0x0000000708900000, 0x0000000708900000| Untracked 
| 138|0x0000000708a00000, 0x0000000708a00000, 0x0000000708b00000|  0%| F|  |TAMS 0x0000000708a00000, 0x0000000708a00000| Untracked 
| 139|0x0000000708b00000, 0x0000000708b00000, 0x0000000708c00000|  0%| F|  |TAMS 0x0000000708b00000, 0x0000000708b00000| Untracked 
| 140|0x0000000708c00000, 0x0000000708c00000, 0x0000000708d00000|  0%| F|  |TAMS 0x0000000708c00000, 0x0000000708c00000| Untracked 
| 141|0x0000000708d00000, 0x0000000708d00000, 0x0000000708e00000|  0%| F|  |TAMS 0x0000000708d00000, 0x0000000708d00000| Untracked 
| 142|0x0000000708e00000, 0x0000000708e00000, 0x0000000708f00000|  0%| F|  |TAMS 0x0000000708e00000, 0x0000000708e00000| Untracked 
| 143|0x0000000708f00000, 0x0000000708f00000, 0x0000000709000000|  0%| F|  |TAMS 0x0000000708f00000, 0x0000000708f00000| Untracked 
| 144|0x0000000709000000, 0x0000000709000000, 0x0000000709100000|  0%| F|  |TAMS 0x0000000709000000, 0x0000000709000000| Untracked 
| 145|0x0000000709100000, 0x0000000709100000, 0x0000000709200000|  0%| F|  |TAMS 0x0000000709100000, 0x0000000709100000| Untracked 
| 146|0x0000000709200000, 0x0000000709200000, 0x0000000709300000|  0%| F|  |TAMS 0x0000000709200000, 0x0000000709200000| Untracked 
| 147|0x0000000709300000, 0x0000000709300000, 0x0000000709400000|  0%| F|  |TAMS 0x0000000709300000, 0x0000000709300000| Untracked 
| 148|0x0000000709400000, 0x0000000709400000, 0x0000000709500000|  0%| F|  |TAMS 0x0000000709400000, 0x0000000709400000| Untracked 
| 149|0x0000000709500000, 0x0000000709500000, 0x0000000709600000|  0%| F|  |TAMS 0x0000000709500000, 0x0000000709500000| Untracked 
| 150|0x0000000709600000, 0x0000000709600000, 0x0000000709700000|  0%| F|  |TAMS 0x0000000709600000, 0x0000000709600000| Untracked 
| 151|0x0000000709700000, 0x0000000709700000, 0x0000000709800000|  0%| F|  |TAMS 0x0000000709700000, 0x0000000709700000| Untracked 
| 152|0x0000000709800000, 0x0000000709800000, 0x0000000709900000|  0%| F|  |TAMS 0x0000000709800000, 0x0000000709800000| Untracked 
| 153|0x0000000709900000, 0x0000000709900000, 0x0000000709a00000|  0%| F|  |TAMS 0x0000000709900000, 0x0000000709900000| Untracked 
| 154|0x0000000709a00000, 0x0000000709a00000, 0x0000000709b00000|  0%| F|  |TAMS 0x0000000709a00000, 0x0000000709a00000| Untracked 
| 155|0x0000000709b00000, 0x0000000709b00000, 0x0000000709c00000|  0%| F|  |TAMS 0x0000000709b00000, 0x0000000709b00000| Untracked 
| 156|0x0000000709c00000, 0x0000000709c00000, 0x0000000709d00000|  0%| F|  |TAMS 0x0000000709c00000, 0x0000000709c00000| Untracked 
| 157|0x0000000709d00000, 0x0000000709d00000, 0x0000000709e00000|  0%| F|  |TAMS 0x0000000709d00000, 0x0000000709d00000| Untracked 
| 158|0x0000000709e00000, 0x0000000709e00000, 0x0000000709f00000|  0%| F|  |TAMS 0x0000000709e00000, 0x0000000709e00000| Untracked 
| 159|0x0000000709f00000, 0x0000000709f00000, 0x000000070a000000|  0%| F|  |TAMS 0x0000000709f00000, 0x0000000709f00000| Untracked 
| 160|0x000000070a000000, 0x000000070a000000, 0x000000070a100000|  0%| F|  |TAMS 0x000000070a000000, 0x000000070a000000| Untracked 
| 161|0x000000070a100000, 0x000000070a100000, 0x000000070a200000|  0%| F|  |TAMS 0x000000070a100000, 0x000000070a100000| Untracked 
| 162|0x000000070a200000, 0x000000070a200000, 0x000000070a300000|  0%| F|  |TAMS 0x000000070a200000, 0x000000070a200000| Untracked 
| 163|0x000000070a300000, 0x000000070a300000, 0x000000070a400000|  0%| F|  |TAMS 0x000000070a300000, 0x000000070a300000| Untracked 
| 164|0x000000070a400000, 0x000000070a400000, 0x000000070a500000|  0%| F|  |TAMS 0x000000070a400000, 0x000000070a400000| Untracked 
| 165|0x000000070a500000, 0x000000070a500000, 0x000000070a600000|  0%| F|  |TAMS 0x000000070a500000, 0x000000070a500000| Untracked 
| 166|0x000000070a600000, 0x000000070a600000, 0x000000070a700000|  0%| F|  |TAMS 0x000000070a600000, 0x000000070a600000| Untracked 
| 167|0x000000070a700000, 0x000000070a700000, 0x000000070a800000|  0%| F|  |TAMS 0x000000070a700000, 0x000000070a700000| Untracked 
| 168|0x000000070a800000, 0x000000070a800000, 0x000000070a900000|  0%| F|  |TAMS 0x000000070a800000, 0x000000070a800000| Untracked 
| 169|0x000000070a900000, 0x000000070a900000, 0x000000070aa00000|  0%| F|  |TAMS 0x000000070a900000, 0x000000070a900000| Untracked 
| 170|0x000000070aa00000, 0x000000070aa00000, 0x000000070ab00000|  0%| F|  |TAMS 0x000000070aa00000, 0x000000070aa00000| Untracked 
| 171|0x000000070ab00000, 0x000000070ab00000, 0x000000070ac00000|  0%| F|  |TAMS 0x000000070ab00000, 0x000000070ab00000| Untracked 
| 172|0x000000070ac00000, 0x000000070ac00000, 0x000000070ad00000|  0%| F|  |TAMS 0x000000070ac00000, 0x000000070ac00000| Untracked 
| 173|0x000000070ad00000, 0x000000070ad00000, 0x000000070ae00000|  0%| F|  |TAMS 0x000000070ad00000, 0x000000070ad00000| Untracked 
| 174|0x000000070ae00000, 0x000000070ae00000, 0x000000070af00000|  0%| F|  |TAMS 0x000000070ae00000, 0x000000070ae00000| Untracked 
| 175|0x000000070af00000, 0x000000070af00000, 0x000000070b000000|  0%| F|  |TAMS 0x000000070af00000, 0x000000070af00000| Untracked 
| 176|0x000000070b000000, 0x000000070b000000, 0x000000070b100000|  0%| F|  |TAMS 0x000000070b000000, 0x000000070b000000| Untracked 
| 177|0x000000070b100000, 0x000000070b100000, 0x000000070b200000|  0%| F|  |TAMS 0x000000070b100000, 0x000000070b100000| Untracked 
| 178|0x000000070b200000, 0x000000070b200000, 0x000000070b300000|  0%| F|  |TAMS 0x000000070b200000, 0x000000070b200000| Untracked 
| 179|0x000000070b300000, 0x000000070b300000, 0x000000070b400000|  0%| F|  |TAMS 0x000000070b300000, 0x000000070b300000| Untracked 
| 180|0x000000070b400000, 0x000000070b400000, 0x000000070b500000|  0%| F|  |TAMS 0x000000070b400000, 0x000000070b400000| Untracked 
| 181|0x000000070b500000, 0x000000070b500000, 0x000000070b600000|  0%| F|  |TAMS 0x000000070b500000, 0x000000070b500000| Untracked 
| 182|0x000000070b600000, 0x000000070b600000, 0x000000070b700000|  0%| F|  |TAMS 0x000000070b600000, 0x000000070b600000| Untracked 
| 183|0x000000070b700000, 0x000000070b700000, 0x000000070b800000|  0%| F|  |TAMS 0x000000070b700000, 0x000000070b700000| Untracked 
| 184|0x000000070b800000, 0x000000070b800000, 0x000000070b900000|  0%| F|  |TAMS 0x000000070b800000, 0x000000070b800000| Untracked 
| 185|0x000000070b900000, 0x000000070b900000, 0x000000070ba00000|  0%| F|  |TAMS 0x000000070b900000, 0x000000070b900000| Untracked 
| 186|0x000000070ba00000, 0x000000070ba00000, 0x000000070bb00000|  0%| F|  |TAMS 0x000000070ba00000, 0x000000070ba00000| Untracked 
| 187|0x000000070bb00000, 0x000000070bb00000, 0x000000070bc00000|  0%| F|  |TAMS 0x000000070bb00000, 0x000000070bb00000| Untracked 
| 188|0x000000070bc00000, 0x000000070bc00000, 0x000000070bd00000|  0%| F|  |TAMS 0x000000070bc00000, 0x000000070bc00000| Untracked 
| 189|0x000000070bd00000, 0x000000070bd00000, 0x000000070be00000|  0%| F|  |TAMS 0x000000070bd00000, 0x000000070bd00000| Untracked 
| 190|0x000000070be00000, 0x000000070be00000, 0x000000070bf00000|  0%| F|  |TAMS 0x000000070be00000, 0x000000070be00000| Untracked 
| 191|0x000000070bf00000, 0x000000070bf00000, 0x000000070c000000|  0%| F|  |TAMS 0x000000070bf00000, 0x000000070bf00000| Untracked 
| 192|0x000000070c000000, 0x000000070c000000, 0x000000070c100000|  0%| F|  |TAMS 0x000000070c000000, 0x000000070c000000| Untracked 
| 193|0x000000070c100000, 0x000000070c100000, 0x000000070c200000|  0%| F|  |TAMS 0x000000070c100000, 0x000000070c100000| Untracked 
| 194|0x000000070c200000, 0x000000070c200000, 0x000000070c300000|  0%| F|  |TAMS 0x000000070c200000, 0x000000070c200000| Untracked 
| 195|0x000000070c300000, 0x000000070c300000, 0x000000070c400000|  0%| F|  |TAMS 0x000000070c300000, 0x000000070c300000| Untracked 
| 196|0x000000070c400000, 0x000000070c400000, 0x000000070c500000|  0%| F|  |TAMS 0x000000070c400000, 0x000000070c400000| Untracked 
| 197|0x000000070c500000, 0x000000070c500000, 0x000000070c600000|  0%| F|  |TAMS 0x000000070c500000, 0x000000070c500000| Untracked 
| 198|0x000000070c600000, 0x000000070c600000, 0x000000070c700000|  0%| F|  |TAMS 0x000000070c600000, 0x000000070c600000| Untracked 
| 199|0x000000070c700000, 0x000000070c700000, 0x000000070c800000|  0%| F|  |TAMS 0x000000070c700000, 0x000000070c700000| Untracked 
| 200|0x000000070c800000, 0x000000070c800000, 0x000000070c900000|  0%| F|  |TAMS 0x000000070c800000, 0x000000070c800000| Untracked 
| 201|0x000000070c900000, 0x000000070c900000, 0x000000070ca00000|  0%| F|  |TAMS 0x000000070c900000, 0x000000070c900000| Untracked 
| 202|0x000000070ca00000, 0x000000070ca00000, 0x000000070cb00000|  0%| F|  |TAMS 0x000000070ca00000, 0x000000070ca00000| Untracked 
| 203|0x000000070cb00000, 0x000000070cb00000, 0x000000070cc00000|  0%| F|  |TAMS 0x000000070cb00000, 0x000000070cb00000| Untracked 
| 204|0x000000070cc00000, 0x000000070cc00000, 0x000000070cd00000|  0%| F|  |TAMS 0x000000070cc00000, 0x000000070cc00000| Untracked 
| 205|0x000000070cd00000, 0x000000070cd00000, 0x000000070ce00000|  0%| F|  |TAMS 0x000000070cd00000, 0x000000070cd00000| Untracked 
| 206|0x000000070ce00000, 0x000000070ce00000, 0x000000070cf00000|  0%| F|  |TAMS 0x000000070ce00000, 0x000000070ce00000| Untracked 
| 207|0x000000070cf00000, 0x000000070cf00000, 0x000000070d000000|  0%| F|  |TAMS 0x000000070cf00000, 0x000000070cf00000| Untracked 
| 208|0x000000070d000000, 0x000000070d000000, 0x000000070d100000|  0%| F|  |TAMS 0x000000070d000000, 0x000000070d000000| Untracked 
| 209|0x000000070d100000, 0x000000070d100000, 0x000000070d200000|  0%| F|  |TAMS 0x000000070d100000, 0x000000070d100000| Untracked 
| 210|0x000000070d200000, 0x000000070d200000, 0x000000070d300000|  0%| F|  |TAMS 0x000000070d200000, 0x000000070d200000| Untracked 
| 211|0x000000070d300000, 0x000000070d300000, 0x000000070d400000|  0%| F|  |TAMS 0x000000070d300000, 0x000000070d300000| Untracked 
| 212|0x000000070d400000, 0x000000070d400000, 0x000000070d500000|  0%| F|  |TAMS 0x000000070d400000, 0x000000070d400000| Untracked 
| 213|0x000000070d500000, 0x000000070d500000, 0x000000070d600000|  0%| F|  |TAMS 0x000000070d500000, 0x000000070d500000| Untracked 
| 214|0x000000070d600000, 0x000000070d600000, 0x000000070d700000|  0%| F|  |TAMS 0x000000070d600000, 0x000000070d600000| Untracked 
| 215|0x000000070d700000, 0x000000070d700000, 0x000000070d800000|  0%| F|  |TAMS 0x000000070d700000, 0x000000070d700000| Untracked 
| 216|0x000000070d800000, 0x000000070d800000, 0x000000070d900000|  0%| F|  |TAMS 0x000000070d800000, 0x000000070d800000| Untracked 
| 217|0x000000070d900000, 0x000000070d900000, 0x000000070da00000|  0%| F|  |TAMS 0x000000070d900000, 0x000000070d900000| Untracked 
| 218|0x000000070da00000, 0x000000070da00000, 0x000000070db00000|  0%| F|  |TAMS 0x000000070da00000, 0x000000070da00000| Untracked 
| 219|0x000000070db00000, 0x000000070db00000, 0x000000070dc00000|  0%| F|  |TAMS 0x000000070db00000, 0x000000070db00000| Untracked 
| 220|0x000000070dc00000, 0x000000070dc00000, 0x000000070dd00000|  0%| F|  |TAMS 0x000000070dc00000, 0x000000070dc00000| Untracked 
| 221|0x000000070dd00000, 0x000000070dd00000, 0x000000070de00000|  0%| F|  |TAMS 0x000000070dd00000, 0x000000070dd00000| Untracked 
| 222|0x000000070de00000, 0x000000070de00000, 0x000000070df00000|  0%| F|  |TAMS 0x000000070de00000, 0x000000070de00000| Untracked 
| 223|0x000000070df00000, 0x000000070df00000, 0x000000070e000000|  0%| F|  |TAMS 0x000000070df00000, 0x000000070df00000| Untracked 
| 224|0x000000070e000000, 0x000000070e000000, 0x000000070e100000|  0%| F|  |TAMS 0x000000070e000000, 0x000000070e000000| Untracked 
| 225|0x000000070e100000, 0x000000070e100000, 0x000000070e200000|  0%| F|  |TAMS 0x000000070e100000, 0x000000070e100000| Untracked 
| 226|0x000000070e200000, 0x000000070e200000, 0x000000070e300000|  0%| F|  |TAMS 0x000000070e200000, 0x000000070e200000| Untracked 
| 227|0x000000070e300000, 0x000000070e300000, 0x000000070e400000|  0%| F|  |TAMS 0x000000070e300000, 0x000000070e300000| Untracked 
| 228|0x000000070e400000, 0x000000070e400000, 0x000000070e500000|  0%| F|  |TAMS 0x000000070e400000, 0x000000070e400000| Untracked 
| 229|0x000000070e500000, 0x000000070e500000, 0x000000070e600000|  0%| F|  |TAMS 0x000000070e500000, 0x000000070e500000| Untracked 
| 230|0x000000070e600000, 0x000000070e600000, 0x000000070e700000|  0%| F|  |TAMS 0x000000070e600000, 0x000000070e600000| Untracked 
| 231|0x000000070e700000, 0x000000070e700000, 0x000000070e800000|  0%| F|  |TAMS 0x000000070e700000, 0x000000070e700000| Untracked 
| 232|0x000000070e800000, 0x000000070e800000, 0x000000070e900000|  0%| F|  |TAMS 0x000000070e800000, 0x000000070e800000| Untracked 
| 233|0x000000070e900000, 0x000000070e900000, 0x000000070ea00000|  0%| F|  |TAMS 0x000000070e900000, 0x000000070e900000| Untracked 
| 234|0x000000070ea00000, 0x000000070ea00000, 0x000000070eb00000|  0%| F|  |TAMS 0x000000070ea00000, 0x000000070ea00000| Untracked 
| 235|0x000000070eb00000, 0x000000070eb00000, 0x000000070ec00000|  0%| F|  |TAMS 0x000000070eb00000, 0x000000070eb00000| Untracked 
| 236|0x000000070ec00000, 0x000000070ec00000, 0x000000070ed00000|  0%| F|  |TAMS 0x000000070ec00000, 0x000000070ec00000| Untracked 
| 237|0x000000070ed00000, 0x000000070ed00000, 0x000000070ee00000|  0%| F|  |TAMS 0x000000070ed00000, 0x000000070ed00000| Untracked 
| 238|0x000000070ee00000, 0x000000070ee00000, 0x000000070ef00000|  0%| F|  |TAMS 0x000000070ee00000, 0x000000070ee00000| Untracked 
| 239|0x000000070ef00000, 0x000000070ef00000, 0x000000070f000000|  0%| F|  |TAMS 0x000000070ef00000, 0x000000070ef00000| Untracked 
| 240|0x000000070f000000, 0x000000070f000000, 0x000000070f100000|  0%| F|  |TAMS 0x000000070f000000, 0x000000070f000000| Untracked 
| 241|0x000000070f100000, 0x000000070f100000, 0x000000070f200000|  0%| F|  |TAMS 0x000000070f100000, 0x000000070f100000| Untracked 
| 242|0x000000070f200000, 0x000000070f200000, 0x000000070f300000|  0%| F|  |TAMS 0x000000070f200000, 0x000000070f200000| Untracked 
| 243|0x000000070f300000, 0x000000070f300000, 0x000000070f400000|  0%| F|  |TAMS 0x000000070f300000, 0x000000070f300000| Untracked 
| 244|0x000000070f400000, 0x000000070f400000, 0x000000070f500000|  0%| F|  |TAMS 0x000000070f400000, 0x000000070f400000| Untracked 
| 245|0x000000070f500000, 0x000000070f500000, 0x000000070f600000|  0%| F|  |TAMS 0x000000070f500000, 0x000000070f500000| Untracked 
| 246|0x000000070f600000, 0x000000070f600000, 0x000000070f700000|  0%| F|  |TAMS 0x000000070f600000, 0x000000070f600000| Untracked 
| 247|0x000000070f700000, 0x000000070f700000, 0x000000070f800000|  0%| F|  |TAMS 0x000000070f700000, 0x000000070f700000| Untracked 
| 248|0x000000070f800000, 0x000000070f800000, 0x000000070f900000|  0%| F|  |TAMS 0x000000070f800000, 0x000000070f800000| Untracked 
| 249|0x000000070f900000, 0x000000070f900000, 0x000000070fa00000|  0%| F|  |TAMS 0x000000070f900000, 0x000000070f900000| Untracked 
| 250|0x000000070fa00000, 0x000000070fa00000, 0x000000070fb00000|  0%| F|  |TAMS 0x000000070fa00000, 0x000000070fa00000| Untracked 
| 251|0x000000070fb00000, 0x000000070fb00000, 0x000000070fc00000|  0%| F|  |TAMS 0x000000070fb00000, 0x000000070fb00000| Untracked 
| 252|0x000000070fc00000, 0x000000070fc00000, 0x000000070fd00000|  0%| F|  |TAMS 0x000000070fc00000, 0x000000070fc00000| Untracked 
| 253|0x000000070fd00000, 0x000000070fd8b788, 0x000000070fe00000| 54%| E|  |TAMS 0x000000070fd00000, 0x000000070fd00000| Complete 
| 254|0x000000070fe00000, 0x000000070ff00000, 0x000000070ff00000|100%| E|CS|TAMS 0x000000070fe00000, 0x000000070fe00000| Complete 
| 255|0x000000070ff00000, 0x0000000710000000, 0x0000000710000000|100%| E|CS|TAMS 0x000000070ff00000, 0x000000070ff00000| Complete 

Card table byte_map: [0x0000000127aa3000,0x00000001282a3000] _byte_map_base: 0x00000001242a3000

Marking Bits (Prev, Next): (CMBitMap*) 0x00007fac2702cc18, (CMBitMap*) 0x00007fac2702cc50
 Prev Bits: [0x0000000128aa3000, 0x000000012caa3000)
 Next Bits: [0x000000012caa3000, 0x0000000130aa3000)

Polling page: 0x000000010f82c000

Metaspace:

Usage:
  Non-class:      4.72 MB capacity,     4.58 MB ( 97%) used,   147.27 KB (  3%) free+waste,     1.31 KB ( <1%) overhead. 
      Class:    464.00 KB capacity,   435.03 KB ( 94%) used,    28.28 KB (  6%) free+waste,   704 bytes ( <1%) overhead. 
       Both:      5.18 MB capacity,     5.00 MB ( 97%) used,   175.55 KB (  3%) free+waste,     2.00 KB ( <1%) overhead. 

Virtual space:
  Non-class space:        8.00 MB reserved,       4.75 MB ( 59%) committed 
      Class space:        1.00 GB reserved,     512.00 KB ( <1%) committed 
             Both:        1.01 GB reserved,       5.25 MB ( <1%) committed 

Chunk freelists:
   Non-Class:  2.00 KB
       Class:  2.00 KB
        Both:  4.00 KB

CodeHeap 'non-profiled nmethods': size=120032Kb used=27Kb max_used=27Kb free=120004Kb
 bounds [0x000000012056b000, 0x00000001207db000, 0x0000000127aa3000]
CodeHeap 'profiled nmethods': size=120028Kb used=164Kb max_used=164Kb free=119863Kb
 bounds [0x0000000119034000, 0x00000001192a4000, 0x000000012056b000]
CodeHeap 'non-nmethods': size=5700Kb used=1013Kb max_used=1025Kb free=4686Kb
 bounds [0x0000000118aa3000, 0x0000000118d13000, 0x0000000119034000]
 total_blobs=424 nmethods=132 adapters=205
 compilation: enabled
              stopped_count=0, restarted_count=0
 full_count=0

Compilation events (10 events):
Event: 0.143 Thread 0x00007fac28817000  129       3       java.lang.StringLatin1::newString (17 bytes)
Event: 0.143 Thread 0x00007fac28817000 nmethod 129 0x000000011905bc10 code [0x000000011905bdc0, 0x000000011905c060]
Event: 0.143 Thread 0x00007fac28817000  130       3       java.lang.String::getBytes (44 bytes)
Event: 0.144 Thread 0x00007fac28817000 nmethod 130 0x000000011905c190 code [0x000000011905c360, 0x000000011905c690]
Event: 0.144 Thread 0x00007fac28817000  128       3       java.lang.Character::toLowerCase (9 bytes)
Event: 0.144 Thread 0x00007fac28817000 nmethod 128 0x000000011905c810 code [0x000000011905c9c0, 0x000000011905cb90]
Event: 0.144 Thread 0x00007fac28817000  131       3       java.lang.AbstractStringBuilder::newCapacity (55 bytes)
Event: 0.144 Thread 0x00007fac28817000 nmethod 131 0x000000011905cc90 code [0x000000011905ce40, 0x000000011905d060]
Event: 0.144 Thread 0x00007fac28817000  132       1       java.util.zip.Inflater$InflaterZStreamRef::address (5 bytes)
Event: 0.144 Thread 0x00007fac28817000 nmethod 132 0x0000000120571b90 code [0x0000000120571d20, 0x0000000120571dd0]

GC Heap History (0 events):
No events

Deoptimization events (1 events):
Event: 0.093 Thread 0x00007fac2400d800 Uncommon trap: reason=unstable_if action=reinterpret pc=0x000000012056ee1c method=java.lang.String.hashCode()I @ 14 c2

Classes redefined (0 events):
No events

Internal exceptions (0 events):
No events

Events (10 events):
Event: 0.143 loading class oracle/jdbc/driver/OracleConnection
Event: 0.143 loading class oracle/jdbc/driver/OracleConnection done
Event: 0.143 loading class oracle/jdbc/internal/ClientDataSupport
Event: 0.143 loading class oracle/jdbc/internal/ClientDataSupport done
Event: 0.144 loading class oracle/jdbc/OracleConnectionWrapper
Event: 0.144 loading class oracle/jdbc/OracleConnectionWrapper done
Event: 0.146 loading class java/lang/PublicMethods$Key
Event: 0.146 loading class java/lang/PublicMethods$Key done
Event: 0.147 loading class java/lang/Class$EnclosingMethodInfo
Event: 0.147 loading class java/lang/Class$EnclosingMethodInfo done


Dynamic libraries:
0x000000010f82e000 	/Library/Java/JavaVirtualMachines/jdk-11.jdk/Contents/Home/lib/jli/libjli.dylib
0x00007ff835c97000 	/System/Library/Frameworks/Cocoa.framework/Versions/A/Cocoa
0x00007ff81faf7000 	/System/Library/Frameworks/AppKit.framework/Versions/C/AppKit
0x00007ff822706000 	/System/Library/Frameworks/CoreData.framework/Versions/A/CoreData
0x00007ff81d8c6000 	/System/Library/Frameworks/Foundation.framework/Versions/C/Foundation
0x00007ff828828000 	/usr/lib/libSystem.B.dylib
0x00007ff820aff000 	/System/Library/PrivateFrameworks/UIFoundation.framework/Versions/A/UIFoundation
0x00007ffb22fe6000 	/System/Library/PrivateFrameworks/CollectionViewCore.framework/Versions/A/CollectionViewCore
0x00007ff82fbaa000 	/System/Library/PrivateFrameworks/RemoteViewServices.framework/Versions/A/RemoteViewServices
0x00007ff8267f7000 	/System/Library/PrivateFrameworks/XCTTargetBootstrap.framework/Versions/A/XCTTargetBootstrap
0x00007ff82b687000 	/System/Library/PrivateFrameworks/InternationalSupport.framework/Versions/A/InternationalSupport
0x00007ff82b710000 	/System/Library/PrivateFrameworks/UserActivity.framework/Versions/A/UserActivity
0x00007ffb39f5b000 	/System/Library/PrivateFrameworks/WindowManagement.framework/Versions/A/WindowManagement
0x00007ff81d5b5000 	/System/Library/Frameworks/SystemConfiguration.framework/Versions/A/SystemConfiguration
0x00007ff82aa5d000 	/usr/lib/libspindump.dylib
0x00007ff820ccd000 	/System/Library/Frameworks/UniformTypeIdentifiers.framework/Versions/A/UniformTypeIdentifiers
0x00007ff8249b3000 	/usr/lib/libapp_launch_measurement.dylib
0x00007ff823b94000 	/System/Library/PrivateFrameworks/CoreAnalytics.framework/Versions/A/CoreAnalytics
0x00007ff8249b6000 	/System/Library/PrivateFrameworks/CoreAutoLayout.framework/Versions/A/CoreAutoLayout
0x00007ff826064000 	/System/Library/Frameworks/Metal.framework/Versions/A/Metal
0x00007ff826f7d000 	/usr/lib/liblangid.dylib
0x00007ff8267fc000 	/System/Library/PrivateFrameworks/CoreSVG.framework/Versions/A/CoreSVG
0x00007ff821634000 	/System/Library/PrivateFrameworks/SkyLight.framework/Versions/A/SkyLight
0x00007ff821a27000 	/System/Library/Frameworks/CoreGraphics.framework/Versions/A/CoreGraphics
0x00007ff830290000 	/System/Library/Frameworks/Accelerate.framework/Versions/A/Accelerate
0x00007ff82a4ce000 	/System/Library/PrivateFrameworks/IconServices.framework/Versions/A/IconServices
0x00007ff826045000 	/System/Library/Frameworks/IOSurface.framework/Versions/A/IOSurface
0x00007ff823bbf000 	/usr/lib/libDiagnosticMessagesClient.dylib
0x00007ff828740000 	/usr/lib/libz.1.dylib
0x00007ff833957000 	/System/Library/Frameworks/ApplicationServices.framework/Versions/A/ApplicationServices
0x00007ff8267e3000 	/System/Library/PrivateFrameworks/DFRFoundation.framework/Versions/A/DFRFoundation
0x00007ff81f3c2000 	/usr/lib/libicucore.A.dylib
0x00007ff82c526000 	/System/Library/Frameworks/AudioToolbox.framework/Versions/A/AudioToolbox
0x00007ff82b692000 	/System/Library/PrivateFrameworks/DataDetectorsCore.framework/Versions/A/DataDetectorsCore
0x00007ff9243d4000 	/System/Library/PrivateFrameworks/TextInput.framework/Versions/A/TextInput
0x00007ff82159d000 	/usr/lib/libMobileGestalt.dylib
0x00007ff8264eb000 	/System/Library/Frameworks/Carbon.framework/Versions/A/Frameworks/HIToolbox.framework/Versions/A/HIToolbox
0x00007ff824340000 	/System/Library/Frameworks/QuartzCore.framework/Versions/A/QuartzCore
0x00007ff81f030000 	/System/Library/Frameworks/Security.framework/Versions/A/Security
0x00007ff82fbe2000 	/System/Library/Frameworks/Carbon.framework/Versions/A/Frameworks/SpeechRecognition.framework/Versions/A/SpeechRecognition
0x00007ff8246f2000 	/System/Library/PrivateFrameworks/CoreUI.framework/Versions/A/CoreUI
0x00007ff81e97e000 	/System/Library/Frameworks/CoreAudio.framework/Versions/A/CoreAudio
0x00007ff823c98000 	/System/Library/Frameworks/DiskArbitration.framework/Versions/A/DiskArbitration
0x00007ff82ae7f000 	/System/Library/PrivateFrameworks/MultitouchSupport.framework/Versions/A/MultitouchSupport
0x00007ff82159c000 	/usr/lib/libenergytrace.dylib
0x00007ff81f9d7000 	/System/Library/Frameworks/IOKit.framework/Versions/A/IOKit
0x00007ff82ffdf000 	/System/Library/Frameworks/CoreServices.framework/Versions/A/CoreServices
0x00007ff82494b000 	/System/Library/PrivateFrameworks/PerformanceAnalysis.framework/Versions/A/PerformanceAnalysis
0x00007ffa362e5000 	/System/Library/Frameworks/OpenGL.framework/Versions/A/OpenGL
0x00007ff8249fe000 	/usr/lib/libxml2.2.dylib
0x00007ff827bd9000 	/System/Library/PrivateFrameworks/MobileKeyBag.framework/Versions/A/MobileKeyBag
0x00007ff81c623000 	/usr/lib/libobjc.A.dylib
0x00007ff81c8ee000 	/usr/lib/libc++.1.dylib
0x00007ff82213c000 	/System/Library/Frameworks/ColorSync.framework/Versions/A/ColorSync
0x00007ff81ca1e000 	/System/Library/Frameworks/CoreFoundation.framework/Versions/A/CoreFoundation
0x00007ff826b49000 	/System/Library/Frameworks/CoreImage.framework/Versions/A/CoreImage
0x00007ff81e78c000 	/System/Library/Frameworks/CoreText.framework/Versions/A/CoreText
0x00007ff826833000 	/System/Library/Frameworks/ImageIO.framework/Versions/A/ImageIO
0x00007ff82882e000 	/System/Library/PrivateFrameworks/SoftLinking.framework/Versions/A/SoftLinking
0x00007ff828ab0000 	/usr/lib/libcompression.dylib
0x00007ff82b5c0000 	/System/Library/PrivateFrameworks/TextureIO.framework/Versions/A/TextureIO
0x00007ff82a18e000 	/usr/lib/libate.dylib
0x00007ff828822000 	/usr/lib/system/libcache.dylib
0x00007ff8287d9000 	/usr/lib/system/libcommonCrypto.dylib
0x00007ff828806000 	/usr/lib/system/libcompiler_rt.dylib
0x00007ff8287f8000 	/usr/lib/system/libcopyfile.dylib
0x00007ff81c757000 	/usr/lib/system/libcorecrypto.dylib
0x00007ff81c81b000 	/usr/lib/system/libdispatch.dylib
0x00007ff81c9c5000 	/usr/lib/system/libdyld.dylib
0x00007ff828818000 	/usr/lib/system/libkeymgr.dylib
0x00007ff8287b8000 	/usr/lib/system/libmacho.dylib
0x00007ff827cc7000 	/usr/lib/system/libquarantine.dylib
0x00007ff828816000 	/usr/lib/system/libremovefile.dylib
0x00007ff821602000 	/usr/lib/system/libsystem_asl.dylib
0x00007ff81c6f8000 	/usr/lib/system/libsystem_blocks.dylib
0x00007ff81c866000 	/usr/lib/system/libsystem_c.dylib
0x00007ff82880e000 	/usr/lib/system/libsystem_collections.dylib
0x00007ff826f6e000 	/usr/lib/system/libsystem_configuration.dylib
0x00007ff826016000 	/usr/lib/system/libsystem_containermanager.dylib
0x00007ff828473000 	/usr/lib/system/libsystem_coreservices.dylib
0x00007ff81f653000 	/usr/lib/system/libsystem_darwin.dylib
0x00007ff828819000 	/usr/lib/system/libsystem_dnssd.dylib
0x00007ff81c863000 	/usr/lib/system/libsystem_featureflags.dylib
0x00007ff81c9f3000 	/usr/lib/system/libsystem_info.dylib
0x00007ff828753000 	/usr/lib/system/libsystem_m.dylib
0x00007ff81c7ee000 	/usr/lib/system/libsystem_malloc.dylib
0x00007ff821585000 	/usr/lib/system/libsystem_networkextension.dylib
0x00007ff81fa95000 	/usr/lib/system/libsystem_notify.dylib
0x00007ff826f72000 	/usr/lib/system/libsystem_sandbox.dylib
0x00007ff828813000 	/usr/lib/system/libsystem_secinit.dylib
0x00007ff81c97f000 	/usr/lib/system/libsystem_kernel.dylib
0x00007ff81c9e9000 	/usr/lib/system/libsystem_platform.dylib
0x00007ff81c9b9000 	/usr/lib/system/libsystem_pthread.dylib
0x00007ff822f56000 	/usr/lib/system/libsystem_symptoms.dylib
0x00007ff81c73d000 	/usr/lib/system/libsystem_trace.dylib
0x00007ff8287e5000 	/usr/lib/system/libunwind.dylib
0x00007ff81c6fc000 	/usr/lib/system/libxpc.dylib
0x00007ff81c96a000 	/usr/lib/libc++abi.dylib
0x00007ff8287f0000 	/usr/lib/liboah.dylib
0x00007ff829f3b000 	/usr/lib/liblzma.5.dylib
0x00007ff82882a000 	/usr/lib/libfakelink.dylib
0x00007ff8211e5000 	/System/Library/Frameworks/CFNetwork.framework/Versions/A/CFNetwork
0x00007ff828967000 	/usr/lib/libarchive.2.dylib
0x00007ff82de78000 	/System/Library/Frameworks/Combine.framework/Versions/A/Combine
0x00007ff82bfc2000 	/usr/lib/swift/libswiftCore.dylib
0x00007ff92139f000 	/usr/lib/swift/libswiftCoreFoundation.dylib
0x00007ff91f462000 	/usr/lib/swift/libswiftDarwin.dylib
0x00007ff831831000 	/usr/lib/swift/libswiftDispatch.dylib
0x00007ff9213bb000 	/usr/lib/swift/libswiftIOKit.dylib
0x00007ff833d96000 	/usr/lib/swift/libswiftObjectiveC.dylib
0x00007ff9213b0000 	/usr/lib/swift/libswiftXPC.dylib
0x00007ffc21d8b000 	/usr/lib/swift/libswift_Concurrency.dylib
0x00007ffc21ec8000 	/usr/lib/swift/libswift_StringProcessing.dylib
0x00007ff833d9a000 	/usr/lib/swift/libswiftos.dylib
0x00007ff81f95a000 	/System/Library/PrivateFrameworks/CoreServicesInternal.framework/Versions/A/CoreServicesInternal
0x00007ff827cee000 	/usr/lib/libbsm.0.dylib
0x00007ff8287bd000 	/usr/lib/system/libkxld.dylib
0x00007ff82497f000 	/System/Library/Frameworks/CoreServices.framework/Versions/A/Frameworks/FSEvents.framework/Versions/A/FSEvents
0x00007ff81f65e000 	/System/Library/Frameworks/CoreServices.framework/Versions/A/Frameworks/CarbonCore.framework/Versions/A/CarbonCore
0x00007ff823c02000 	/System/Library/Frameworks/CoreServices.framework/Versions/A/Frameworks/Metadata.framework/Versions/A/Metadata
0x00007ff828479000 	/System/Library/Frameworks/CoreServices.framework/Versions/A/Frameworks/OSServices.framework/Versions/A/OSServices
0x00007ff8289ef000 	/System/Library/Frameworks/CoreServices.framework/Versions/A/Frameworks/SearchKit.framework/Versions/A/SearchKit
0x00007ff822eda000 	/System/Library/Frameworks/CoreServices.framework/Versions/A/Frameworks/AE.framework/Versions/A/AE
0x00007ff81cebb000 	/System/Library/Frameworks/CoreServices.framework/Versions/A/Frameworks/LaunchServices.framework/Versions/A/LaunchServices
0x00007ff829eec000 	/System/Library/Frameworks/CoreServices.framework/Versions/A/Frameworks/DictionaryServices.framework/Versions/A/DictionaryServices
0x00007ff82498c000 	/System/Library/Frameworks/CoreServices.framework/Versions/A/Frameworks/SharedFileList.framework/Versions/A/SharedFileList
0x00007ff828a79000 	/usr/lib/libapple_nghttp2.dylib
0x00007ff8211e1000 	/usr/lib/libnetwork.dylib
0x00007ff822b85000 	/usr/lib/libsqlite3.dylib
0x00007ff822f5e000 	/System/Library/Frameworks/Network.framework/Versions/A/Network
0x00007ffc20cf7000 	/usr/lib/libCoreEntitlements.dylib
0x00007ffb2ca87000 	/System/Library/PrivateFrameworks/MessageSecurity.framework/Versions/A/MessageSecurity
0x00007ff822b6c000 	/System/Library/PrivateFrameworks/ProtocolBuffer.framework/Versions/A/ProtocolBuffer
0x00007ff828395000 	/System/Library/PrivateFrameworks/AppleFSCompression.framework/Versions/A/AppleFSCompression
0x00007ff827cd6000 	/usr/lib/libcoretls.dylib
0x00007ff829f54000 	/usr/lib/libcoretls_cfhelpers.dylib
0x00007ff828aaa000 	/usr/lib/libpam.2.dylib
0x00007ff829fc7000 	/usr/lib/libxar.1.dylib
0x00007ff82a4aa000 	/usr/lib/libheimdal-asn1.dylib
0x00007ff82882f000 	/usr/lib/libpcap.A.dylib
0x00007ff822f4d000 	/usr/lib/libdns_services.dylib
0x00007ff826f79000 	/System/Library/PrivateFrameworks/AppleSystemInfo.framework/Versions/A/AppleSystemInfo
0x00007ff8279e0000 	/System/Library/PrivateFrameworks/IOMobileFramebuffer.framework/Versions/A/IOMobileFramebuffer
0x00007ff828464000 	/usr/lib/libbz2.1.0.dylib
0x00007ff827cca000 	/usr/lib/libCheckFix.dylib
0x00007ff821619000 	/System/Library/PrivateFrameworks/TCC.framework/Versions/A/TCC
0x00007ff826f7f000 	/System/Library/PrivateFrameworks/CoreNLP.framework/Versions/A/CoreNLP
0x00007ff823bc1000 	/System/Library/PrivateFrameworks/MetadataUtilities.framework/Versions/A/MetadataUtilities
0x00007ff827cff000 	/usr/lib/libmecab.dylib
0x00007ff81d635000 	/usr/lib/libCRFSuite.dylib
0x00007ff827d58000 	/usr/lib/libgermantok.dylib
0x00007ff828a55000 	/usr/lib/libThaiTokenizer.dylib
0x00007ff823ca0000 	/System/Library/Frameworks/Accelerate.framework/Versions/A/Frameworks/vImage.framework/Versions/A/vImage
0x00007ff82ffb2000 	/System/Library/Frameworks/Accelerate.framework/Versions/A/Frameworks/vecLib.framework/Versions/A/vecLib
0x00007ff82a009000 	/System/Library/Frameworks/Accelerate.framework/Versions/A/Frameworks/vecLib.framework/Versions/A/libvMisc.dylib
0x00007ff8277f5000 	/System/Library/Frameworks/Accelerate.framework/Versions/A/Frameworks/vecLib.framework/Versions/A/libvDSP.dylib
0x00007ff81d279000 	/System/Library/Frameworks/Accelerate.framework/Versions/A/Frameworks/vecLib.framework/Versions/A/libBLAS.dylib
0x00007ff828b8e000 	/System/Library/Frameworks/Accelerate.framework/Versions/A/Frameworks/vecLib.framework/Versions/A/libLAPACK.dylib
0x00007ff827d5b000 	/System/Library/Frameworks/Accelerate.framework/Versions/A/Frameworks/vecLib.framework/Versions/A/libLinearAlgebra.dylib
0x00007ff828a94000 	/System/Library/Frameworks/Accelerate.framework/Versions/A/Frameworks/vecLib.framework/Versions/A/libSparseBLAS.dylib
0x00007ff828b88000 	/System/Library/Frameworks/Accelerate.framework/Versions/A/Frameworks/vecLib.framework/Versions/A/libQuadrature.dylib
0x00007ff827065000 	/System/Library/Frameworks/Accelerate.framework/Versions/A/Frameworks/vecLib.framework/Versions/A/libBNNS.dylib
0x00007ff81d53e000 	/System/Library/Frameworks/Accelerate.framework/Versions/A/Frameworks/vecLib.framework/Versions/A/libSparse.dylib
0x00007ffb2bcc1000 	/System/Library/PrivateFrameworks/MIL.framework/Versions/A/MIL
0x00007ff828864000 	/usr/lib/libiconv.2.dylib
0x00007ff8287b7000 	/usr/lib/libcharset.1.dylib
0x00007ff824963000 	/System/Library/Frameworks/OpenDirectory.framework/Versions/A/Frameworks/CFOpenDirectory.framework/Versions/A/CFOpenDirectory
0x00007ff824957000 	/System/Library/Frameworks/OpenDirectory.framework/Versions/A/OpenDirectory
0x00007ff829f56000 	/System/Library/PrivateFrameworks/APFS.framework/Versions/A/APFS
0x00007ff827c0c000 	/System/Library/Frameworks/SecurityFoundation.framework/Versions/A/SecurityFoundation
0x00007ff829fd5000 	/usr/lib/libutil.dylib
0x00007ffb2ac38000 	/System/Library/PrivateFrameworks/InstalledContentLibrary.framework/Versions/A/InstalledContentLibrary
0x00007ff81f99a000 	/System/Library/PrivateFrameworks/CoreServicesStore.framework/Versions/A/CoreServicesStore
0x00007ffb21b6a000 	/System/Library/PrivateFrameworks/AppleMobileFileIntegrity.framework/Versions/A/AppleMobileFileIntegrity
0x00007ff921381000 	/usr/lib/libmis.dylib
0x00007ff92fc56000 	/System/Library/PrivateFrameworks/MobileSystemServices.framework/Versions/A/MobileSystemServices
0x00007ffa2b984000 	/System/Library/PrivateFrameworks/ConfigProfileHelper.framework/Versions/A/ConfigProfileHelper
0x00007ff828a57000 	/System/Library/PrivateFrameworks/AppleSauce.framework/Versions/A/AppleSauce
0x00007ff81e24f000 	/System/Library/PrivateFrameworks/LanguageModeling.framework/Versions/A/LanguageModeling
0x00007ff829fd9000 	/usr/lib/libxslt.1.dylib
0x00007ff828956000 	/usr/lib/libcmph.dylib
0x00007ff8279cd000 	/System/Library/PrivateFrameworks/CoreEmoji.framework/Versions/A/CoreEmoji
0x00007ff827060000 	/System/Library/PrivateFrameworks/LinguisticData.framework/Versions/A/LinguisticData
0x00007ff81d4f5000 	/System/Library/PrivateFrameworks/Lexicon.framework/Versions/A/Lexicon
0x00007ff827c9a000 	/System/Library/PrivateFrameworks/BackgroundTaskManagement.framework/Versions/A/BackgroundTaskManagement
0x00007ffc20e39000 	/usr/lib/libTLE.dylib
0x00007ffc21e11000 	/usr/lib/swift/libswift_RegexParser.dylib
0x00007ff82ad43000 	/System/Library/PrivateFrameworks/AppleJPEG.framework/Versions/A/AppleJPEG
0x00007ff82a48f000 	/usr/lib/libexpat.1.dylib
0x00007ff82b419000 	/System/Library/Frameworks/ImageIO.framework/Versions/A/Resources/libPng.dylib
0x00007ff82b446000 	/System/Library/Frameworks/ImageIO.framework/Versions/A/Resources/libTIFF.dylib
0x00007ff82b53a000 	/System/Library/Frameworks/ImageIO.framework/Versions/A/Resources/libGIF.dylib
0x00007ff82ad8e000 	/System/Library/Frameworks/ImageIO.framework/Versions/A/Resources/libJP2.dylib
0x00007ff82b4da000 	/System/Library/Frameworks/ImageIO.framework/Versions/A/Resources/libJPEG.dylib
0x00007ff82b4d1000 	/System/Library/Frameworks/ImageIO.framework/Versions/A/Resources/libRadiance.dylib
0x00007ff826384000 	/System/Library/PrivateFrameworks/FontServices.framework/libFontParser.dylib
0x00007ff822e7f000 	/System/Library/PrivateFrameworks/RunningBoardServices.framework/Versions/A/RunningBoardServices
0x00007ff836344000 	/System/Library/PrivateFrameworks/IOSurfaceAccelerator.framework/Versions/A/IOSurfaceAccelerator
0x00007ff82ae7b000 	/System/Library/PrivateFrameworks/WatchdogClient.framework/Versions/A/WatchdogClient
0x00007ff81e3b5000 	/System/Library/Frameworks/CoreDisplay.framework/Versions/A/CoreDisplay
0x00007ff826273000 	/System/Library/Frameworks/CoreMedia.framework/Versions/A/CoreMedia
0x00007ff82605b000 	/System/Library/PrivateFrameworks/IOAccelerator.framework/Versions/A/IOAccelerator
0x00007ff824add000 	/System/Library/Frameworks/CoreVideo.framework/Versions/A/CoreVideo
0x00007ff828aa8000 	/System/Library/Frameworks/MetalPerformanceShaders.framework/Versions/A/MetalPerformanceShaders
0x00007ff82aeba000 	/System/Library/Frameworks/VideoToolbox.framework/Versions/A/VideoToolbox
0x00007ff822dbd000 	/System/Library/PrivateFrameworks/BaseBoard.framework/Versions/A/BaseBoard
0x00007ff82b4ca000 	/System/Library/PrivateFrameworks/GPUWrangler.framework/Versions/A/GPUWrangler
0x00007ff82b4ae000 	/System/Library/PrivateFrameworks/IOPresentment.framework/Versions/A/IOPresentment
0x00007ff82b4d4000 	/System/Library/PrivateFrameworks/DSExternalDisplay.framework/Versions/A/DSExternalDisplay
0x00007ffb2710b000 	/System/Library/PrivateFrameworks/GPUCompiler.framework/Versions/31001/Libraries/libllvm-flatbuffers.dylib
0x00007ffa362d9000 	/System/Library/Frameworks/OpenGL.framework/Versions/A/Libraries/libCoreFSCache.dylib
0x00007ffb27107000 	/System/Library/PrivateFrameworks/GPUCompiler.framework/Versions/31001/Libraries/libGPUCompilerUtils.dylib
0x00007ff82b540000 	/System/Library/PrivateFrameworks/CMCaptureCore.framework/Versions/A/CMCaptureCore
0x00007ffa3bdbf000 	/System/Library/Frameworks/ExtensionFoundation.framework/Versions/A/ExtensionFoundation
0x00007ff831fc9000 	/System/Library/PrivateFrameworks/CoreTime.framework/Versions/A/CoreTime
0x00007ff82aa48000 	/System/Library/PrivateFrameworks/AppServerSupport.framework/Versions/A/AppServerSupport
0x00007ff82cddc000 	/System/Library/PrivateFrameworks/perfdata.framework/Versions/A/perfdata
0x00007ff81e4e1000 	/System/Library/PrivateFrameworks/AudioToolboxCore.framework/Versions/A/AudioToolboxCore
0x00007ff82624e000 	/System/Library/PrivateFrameworks/caulk.framework/Versions/A/caulk
0x00007ff82c6b7000 	/usr/lib/libAudioStatistics.dylib
0x00007ff920822000 	/System/Library/PrivateFrameworks/SystemPolicy.framework/Versions/A/SystemPolicy
0x00007ff82c952000 	/usr/lib/libSMC.dylib
0x00007ff835b35000 	/System/Library/Frameworks/CoreMIDI.framework/Versions/A/CoreMIDI
0x00007ff82b3e7000 	/usr/lib/libAudioToolboxUtility.dylib
0x00007ff83b4bf000 	/System/Library/PrivateFrameworks/OSAServicesClient.framework/Versions/A/OSAServicesClient
0x00007ff82cde9000 	/usr/lib/libperfcheck.dylib
0x00007ff82a36f000 	/System/Library/PrivateFrameworks/PlugInKit.framework/Versions/A/PlugInKit
0x00007ff827bff000 	/System/Library/PrivateFrameworks/AssertionServices.framework/Versions/A/AssertionServices
0x00007ffa36336000 	/System/Library/Frameworks/OpenGL.framework/Versions/A/Libraries/libGLU.dylib
0x00007ffa362f8000 	/System/Library/Frameworks/OpenGL.framework/Versions/A/Libraries/libGFXShared.dylib
0x00007ffa364f7000 	/System/Library/Frameworks/OpenGL.framework/Versions/A/Libraries/libGL.dylib
0x00007ffa36301000 	/System/Library/Frameworks/OpenGL.framework/Versions/A/Libraries/libGLImage.dylib
0x00007ffa362f5000 	/System/Library/Frameworks/OpenGL.framework/Versions/A/Libraries/libCVMSPluginSupport.dylib
0x00007ffc20e18000 	/usr/lib/libRosetta.dylib
0x00007ffa362e0000 	/System/Library/Frameworks/OpenGL.framework/Versions/A/Libraries/libCoreVMClient.dylib
0x00007ff826eee000 	/System/Library/Frameworks/MetalPerformanceShaders.framework/Versions/A/Frameworks/MPSCore.framework/Versions/A/MPSCore
0x00007ff8282ff000 	/System/Library/Frameworks/MetalPerformanceShaders.framework/Versions/A/Frameworks/MPSImage.framework/Versions/A/MPSImage
0x00007ff827d71000 	/System/Library/Frameworks/MetalPerformanceShaders.framework/Versions/A/Frameworks/MPSNeuralNetwork.framework/Versions/A/MPSNeuralNetwork
0x00007ff8281e2000 	/System/Library/Frameworks/MetalPerformanceShaders.framework/Versions/A/Frameworks/MPSMatrix.framework/Versions/A/MPSMatrix
0x00007ff827f9e000 	/System/Library/Frameworks/MetalPerformanceShaders.framework/Versions/A/Frameworks/MPSRayIntersector.framework/Versions/A/MPSRayIntersector
0x00007ff82821e000 	/System/Library/Frameworks/MetalPerformanceShaders.framework/Versions/A/Frameworks/MPSNDArray.framework/Versions/A/MPSNDArray
0x00007ffb1d377000 	/System/Library/Frameworks/MetalPerformanceShaders.framework/Versions/A/Frameworks/MPSFunctions.framework/Versions/A/MPSFunctions
0x00007ff81d139000 	/System/Library/PrivateFrameworks/MetalTools.framework/Versions/A/MetalTools
0x00007ff826f78000 	/System/Library/PrivateFrameworks/AggregateDictionary.framework/Versions/A/AggregateDictionary
0x00007ff82a225000 	/usr/lib/libIOReport.dylib
0x00007ffb2f5bc000 	/System/Library/PrivateFrameworks/PhotosensitivityProcessing.framework/Versions/A/PhotosensitivityProcessing
0x00007ffa378e8000 	/System/Library/Frameworks/OpenCL.framework/Versions/A/OpenCL
0x00007ff82a5d7000 	/System/Library/PrivateFrameworks/GraphVisualizer.framework/Versions/A/GraphVisualizer
0x00007ffb27020000 	/System/Library/PrivateFrameworks/FontServices.framework/Versions/A/FontServices
0x00007ff82aa03000 	/System/Library/PrivateFrameworks/OTSVG.framework/Versions/A/OTSVG
0x00007ff8246a6000 	/System/Library/Frameworks/ApplicationServices.framework/Versions/A/Frameworks/ATS.framework/Versions/A/Resources/libFontRegistry.dylib
0x00007ff82aa52000 	/System/Library/PrivateFrameworks/FontServices.framework/libhvf.dylib
0x00007ffb27021000 	/System/Library/PrivateFrameworks/FontServices.framework/libXTFontStaticRegistryData.dylib
0x00007ff92c253000 	/usr/lib/swift/libswiftMetal.dylib
0x00007ff924335000 	/usr/lib/swift/libswiftsimd.dylib
0x00007ffb38ca2000 	/System/Library/PrivateFrameworks/VideoToolboxParavirtualizationSupport.framework/Versions/A/VideoToolboxParavirtualizationSupport
0x00007ff82a43f000 	/System/Library/PrivateFrameworks/AppleVA.framework/Versions/A/AppleVA
0x00007ff82c6f7000 	/System/Library/Frameworks/ApplicationServices.framework/Versions/A/Frameworks/ATS.framework/Versions/A/ATS
0x00007ff82222c000 	/System/Library/Frameworks/ApplicationServices.framework/Versions/A/Frameworks/HIServices.framework/Versions/A/HIServices
0x00007ff82b54c000 	/System/Library/Frameworks/ApplicationServices.framework/Versions/A/Frameworks/PrintCore.framework/Versions/A/PrintCore
0x00007ff82caa8000 	/System/Library/Frameworks/ApplicationServices.framework/Versions/A/Frameworks/QD.framework/Versions/A/QD
0x00007ff82caa0000 	/System/Library/Frameworks/ApplicationServices.framework/Versions/A/Frameworks/ColorSyncLegacy.framework/Versions/A/ColorSyncLegacy
0x00007ff82c6cb000 	/System/Library/Frameworks/ApplicationServices.framework/Versions/A/Frameworks/SpeechSynthesis.framework/Versions/A/SpeechSynthesis
0x00007ff82b50a000 	/System/Library/Frameworks/ApplicationServices.framework/Versions/A/Frameworks/ATSUI.framework/Versions/A/ATSUI
0x00007ff82ca32000 	/usr/lib/libcups.2.dylib
0x00007ff82cdf8000 	/System/Library/Frameworks/Kerberos.framework/Versions/A/Kerberos
0x00007ff82ce07000 	/System/Library/Frameworks/GSS.framework/Versions/A/GSS
0x00007ff82c765000 	/usr/lib/libresolv.9.dylib
0x00007ff82aa62000 	/System/Library/PrivateFrameworks/Heimdal.framework/Versions/A/Heimdal
0x00007ff833d18000 	/System/Library/Frameworks/Kerberos.framework/Versions/A/Libraries/libHeimdalProxy.dylib
0x00007ff82ce52000 	/System/Library/PrivateFrameworks/CommonAuth.framework/Versions/A/CommonAuth
0x00007ffa3b06e000 	/System/Library/Frameworks/AVFAudio.framework/Versions/A/AVFAudio
0x00007ff83b508000 	/System/Library/PrivateFrameworks/AXCoreUtilities.framework/Versions/A/AXCoreUtilities
0x00007ff82c649000 	/System/Library/PrivateFrameworks/AudioSession.framework/Versions/A/AudioSession
0x00007ff82dc4a000 	/System/Library/Frameworks/IOBluetooth.framework/Versions/A/IOBluetooth
0x00007ff82a545000 	/System/Library/PrivateFrameworks/MediaExperience.framework/Versions/A/MediaExperience
0x00007ff82c4f3000 	/System/Library/PrivateFrameworks/AudioSession.framework/libSessionUtility.dylib
0x00007ff82cab4000 	/System/Library/PrivateFrameworks/AudioResourceArbitration.framework/Versions/A/AudioResourceArbitration
0x00007ff830bdc000 	/System/Library/PrivateFrameworks/PowerLog.framework/Versions/A/PowerLog
0x00007ff830b1a000 	/System/Library/Frameworks/CoreBluetooth.framework/Versions/A/CoreBluetooth
0x00007ff833d19000 	/System/Library/Frameworks/AudioUnit.framework/Versions/A/AudioUnit
0x00007ff827a69000 	/System/Library/PrivateFrameworks/CoreUtils.framework/Versions/A/CoreUtils
0x00007ffb25aee000 	/System/Library/PrivateFrameworks/CoreUtilsExtras.framework/Versions/A/CoreUtilsExtras
0x00007ffb2aac7000 	/System/Library/PrivateFrameworks/IO80211.framework/Versions/A/IO80211
0x00007ff82a4b3000 	/System/Library/PrivateFrameworks/IconFoundation.framework/Versions/A/IconFoundation
0x00007ff82fbd2000 	/System/Library/PrivateFrameworks/SpeechRecognitionCore.framework/Versions/A/SpeechRecognitionCore
0x0000000110619000 	/Library/Java/JavaVirtualMachines/jdk-11.jdk/Contents/Home/lib/server/libjvm.dylib
0x000000010f8bc000 	/Library/Java/JavaVirtualMachines/jdk-11.jdk/Contents/Home/lib/libverify.dylib
0x000000010f8ff000 	/Library/Java/JavaVirtualMachines/jdk-11.jdk/Contents/Home/lib/libjava.dylib
0x000000010f8d0000 	/Library/Java/JavaVirtualMachines/jdk-11.jdk/Contents/Home/lib/libjimage.dylib
0x000000010f8ef000 	/Library/Java/JavaVirtualMachines/jdk-11.jdk/Contents/Home/lib/libzip.dylib
0x0000000110425000 	/Library/Java/JavaVirtualMachines/jdk-11.jdk/Contents/Home/lib/libnio.dylib
0x000000011045c000 	/Library/Java/JavaVirtualMachines/jdk-11.jdk/Contents/Home/lib/libnet.dylib


VM Arguments:
jvm_args: -Dfile.encoding=UTF-8 
java_command: oracle.jdbc.driver.JavaToJavaConverter$156
java_class_path (initial): /Users/seoga-eul/Desktop/springstudy/01_IoC/target/classes:/Users/seoga-eul/.m2/repository/org/projectlombok/lombok/1.18.30/lombok-1.18.30.jar:/Users/seoga-eul/.m2/repository/com/oracle/database/jdbc/ojdbc8/23.2.0.0/ojdbc8-23.2.0.0.jar:/Users/seoga-eul/.m2/repository/org/springframework/spring-context/5.3.3/spring-context-5.3.3.jar:/Users/seoga-eul/.m2/repository/org/springframework/spring-aop/5.3.3/spring-aop-5.3.3.jar:/Users/seoga-eul/.m2/repository/org/springframework/spring-beans/5.3.3/spring-beans-5.3.3.jar:/Users/seoga-eul/.m2/repository/org/springframework/spring-core/5.3.3/spring-core-5.3.3.jar:/Users/seoga-eul/.m2/repository/org/springframework/spring-jcl/5.3.3/spring-jcl-5.3.3.jar:/Users/seoga-eul/.m2/repository/org/springframework/spring-expression/5.3.3/spring-expression-5.3.3.jar:/Users/seoga-eul/.m2/repository/org/springframework/spring-webmvc/5.3.3/spring-webmvc-5.3.3.jar:/Users/seoga-eul/.m2/repository/org/springframework/spring-web/5.3.3/spring-web-5.3.3.jar:/Users/seoga-eul/.m2/repository/org/aspectj/aspectjrt/1.9.6/aspectjrt-1.9.6.jar:/Users/seoga-eul/.m2/repository/org/slf4j/slf4j-api/1.7.30/slf4j-api-1.7.30.jar:/Users/seoga-eul/.m2/repository/org/slf4j/jcl-over-slf4j/1.7.30/jcl-over-slf4j-1.7.30.jar:/Users/seoga-eul/.m2/repository/org/slf4j/slf4j-log4j12/1.7.30/slf4j-log4j12-1.7.30.jar:/Users/seoga-eul/.m2/repository/log4j/log4j/1.2.15/log4j-1.2.15.jar:/Users/seoga-eul/.m2/repository/javax/inject/javax.inject/1/javax.inject-1.jar:/Users/seoga-eul/.m2/repository/javax/servlet/javax.servlet-api/4.0.1/javax.servlet-api-4.0.1.jar:/Users/seoga-eul/.m2/repository/javax/servlet/jsp/javax.servlet.jsp-api/2.3.3/javax.servlet.jsp-api-2.3.3.jar:/Users/seoga-eul/.m2/repository/javax/servlet/jstl/1.2/jstl-1.2.jar
Launcher Type: SUN_STANDARD

[Global flags]
     intx CICompilerCount                          = 4                                         {product} {ergonomic}
     uint ConcGCThreads                            = 3                                         {product} {ergonomic}
     uint G1ConcRefinementThreads                  = 10                                        {product} {ergonomic}
   size_t G1HeapRegionSize                         = 1048576                                   {product} {ergonomic}
    uintx GCDrainStackTargetSize                   = 64                                        {product} {ergonomic}
   size_t InitialHeapSize                          = 268435456                                 {product} {ergonomic}
   size_t MarkStackSize                            = 4194304                                   {product} {ergonomic}
   size_t MaxHeapSize                              = 4294967296                                {product} {ergonomic}
   size_t MaxNewSize                               = 2576351232                                {product} {ergonomic}
   size_t MinHeapDeltaBytes                        = 1048576                                   {product} {ergonomic}
    uintx NonNMethodCodeHeapSize                   = 5836300                                {pd product} {ergonomic}
    uintx NonProfiledCodeHeapSize                  = 122910970                              {pd product} {ergonomic}
    uintx ProfiledCodeHeapSize                     = 122910970                              {pd product} {ergonomic}
    uintx ReservedCodeCacheSize                    = 251658240                              {pd product} {ergonomic}
     bool SegmentedCodeCache                       = true                                      {product} {ergonomic}
     bool UseCompressedClassPointers               = true                                 {lp64_product} {ergonomic}
     bool UseCompressedOops                        = true                                 {lp64_product} {ergonomic}
     bool UseG1GC                                  = true                                      {product} {ergonomic}

Logging:
Log output configuration:
 #0: stdout all=warning uptime,level,tags
 #1: stderr all=off uptime,level,tags

Environment Variables:
PATH=/usr/bin:/bin:/usr/sbin:/sbin
SHELL=/bin/zsh

Signal Handlers:
SIGSEGV: [libjvm.dylib+0x7921b4], sa_mask[0]=11111111011111110111111111111111, sa_flags=SA_ONSTACK|SA_RESTART|SA_SIGINFO
SIGBUS: [libjvm.dylib+0x7921b4], sa_mask[0]=11111111011111110111111111111111, sa_flags=SA_RESTART|SA_SIGINFO
SIGFPE: [libjvm.dylib+0x7921b4], sa_mask[0]=11111111011111110111111111111111, sa_flags=SA_RESTART|SA_SIGINFO
SIGPIPE: [libjvm.dylib+0x6443ae], sa_mask[0]=11111111011111110111111111111111, sa_flags=SA_RESTART|SA_SIGINFO
SIGXFSZ: [libjvm.dylib+0x6443ae], sa_mask[0]=11111111011111110111111111111111, sa_flags=SA_RESTART|SA_SIGINFO
SIGILL: [libjvm.dylib+0x7921b4], sa_mask[0]=11111111011111110111111111111111, sa_flags=SA_RESTART|SA_SIGINFO
SIGUSR2: [libjvm.dylib+0x6449c2], sa_mask[0]=00100000000000000000000000000000, sa_flags=SA_RESTART|SA_SIGINFO
SIGHUP: [libjvm.dylib+0x6433e1], sa_mask[0]=11111111011111110111111111111111, sa_flags=SA_RESTART|SA_SIGINFO
SIGINT: [libjvm.dylib+0x6433e1], sa_mask[0]=11111111011111110111111111111111, sa_flags=SA_RESTART|SA_SIGINFO
SIGTERM: [libjvm.dylib+0x6433e1], sa_mask[0]=11111111011111110111111111111111, sa_flags=SA_RESTART|SA_SIGINFO
SIGQUIT: [libjvm.dylib+0x6433e1], sa_mask[0]=11111111011111110111111111111111, sa_flags=SA_RESTART|SA_SIGINFO


---------------  S Y S T E M  ---------------

OS:uname:Darwin 22.6.0 Darwin Kernel Version 22.6.0: Fri Sep 15 13:39:52 PDT 2023; root:xnu-8796.141.3.700.8~1/RELEASE_X86_64 x86_64
rlimit: STACK 8192k, CORE 0k, NPROC 2784, NOFILE 10240, AS infinity, DATA infinity, FSIZE infinity
load average:2.38 2.41 2.46

CPU:total 12 (initial active 12) (6 cores per cpu, 2 threads per core) family 6 model 158 stepping 10 microcode 0xf4, cmov, cx8, fxsr, mmx, sse, sse2, sse3, ssse3, sse4.1, sse4.2, popcnt, avx, avx2, aes, clmul, erms, 3dnowpref, lzcnt, ht, tsc, tscinvbit, bmi1, bmi2, adx, fma

Memory: 4k page, physical 16777216k(2236244k free)

vm_info: Java HotSpot(TM) 64-Bit Server VM (11.0.20+9-LTS-256) for bsd-amd64 JRE (11.0.20+9-LTS-256), built on Jun 14 2023 09:38:26 by "mach5one" with gcc Apple LLVM 12.0.0 (clang-1200.0.32.29)

END.
